JJ NNS IN DT NNP NNPS CC NNP NNP VBD NN WDT MD VB WRB DT JJ JJ NN NN MD VB NN , VBG DT JJ NN TO DT NN POS NN IN JJ NNS .
DT NN , WP$ NNS VBP NNP NNP NNP -LRB- NNP , NNP -RRB- , MD VB DT NNP NNP NNP IN VBG JJ JJ NN IN VBG DT JJ NN CC NN NN NN WDT MD RB VB VBN IN DT JJ NN .
DT NN VBZ TO VB DT NNP TO NNP NNS RB , IN DT NN VBZ JJ JJ NN .
`` JJ NN `` NNP POS NN VBZ JJ CC JJ , RB RBR JJ IN JJ NNP NN , '' VBD NNP NNP NNP -LRB- NNP , NNP -RRB- , DT NN POS JJ NN .
DT JJ NN NN IN DT NN NN NN VBZ VBG $ CD CD IN NN VBN IN DT RB VBN NNP .
DT NN NN VBD VBN IN DT JJ NN IN NN TO VB DT NN NN IN VBG DT NN NN .
DT $ CD CD MD VB VBN IN NNP NNS , WDT VBP JJR NN NNS .
CC DT NNP RB VBZ `` VBG '' NN TO VB DT JJ NNS IN NNS WDT VBP VBN , IN DT NNS MD VB VBN RB .
DT NN MD VB VBN RP IN DT NNS VBP VBN , VBG DT JJ NN IN DT NN IN $ CD CD , CC $ CD CD VBG NN IN CD NNS .
`` PRP VBZ DT NN IN RB VBZ TO VB VBN , '' VBD NNP NNP , JJ NN IN DT NNP .
DT NN VBZ RB VBN RB $ CD CD NN CD JJ NNS , CC PRP VBZ JJ TO VB CC VB CD IN DT NN DT NN VBZ .
JJ JJ JJ NN , PRP VBD , DT NNP MD VB VBN TO VB JJ NN NNS IN NN MD VB VBN IN VBG DT JJ NNS .
`` PRP MD VB TO VB IN PRP VBP VBN IN DT NNS IN PRP MD VB RB , '' PRP VBD .
DT JJ NN IN DT JJ JJ NN VBZ VBN DT NN .
DT NN VBZ VB DT NNP TO VB IN DT NNP RB TO $ CD CD IN DT NN .
RB , PRP VBZ DT NNP POS JJ NNS MD RB VB $ CD CD , CC DT NN VBZ VBN IN VBG NNS CC JJ NN , CC NN IN PRP DT NN NN IN DT NNS DT NNP VBZ .
CC NNP VBD RB VB CC VBP RBR JJ NN , VBP NNS IN DT NNP POS JJ NN , CC NNP NNP NNP -LRB- NNP , NNP . -RRB- VBD DT NNP NNP NNP VBZ VBN NN IN RB VBG NNP VBD .
`` DT NN VBZ TO DT NN IN DT NN IN NNP CC NNP , WDT VBZ TO PRP VB IN NNP , '' PRP VBD .
`` DT NNP VBZ VBG TO VB TO VB DT NN IN JJ NN IN DT NNP IN PRP VBP DT NN IN NN . ''
DT NNPS CC NNP NNP MD VB DT NN IN DT NN IN NNP .
PRP VBP RB TO VB IN NN NNS .
NNP IN DT NNS IN NNP POS JJ NN NN CC DT NN WDT VBZ VBN , DT JJ JJ NN NNS VBP VBG RP JJ NNS VBG DT JJ NN : VB IN NN , DT NN VBZ RB JJ .
PRP$ NN VBZ TO VB NNS IN VBG DT NN , IN JJ NNS VBD IN NN IN DT NN IN NNP
RB NNS IN DT CD NN , JJ NN NNS VBD RP NNS TO VB NNS .
DT NN RB , PRP VBP VBG RB RBR .
NNP NNP VBN DT JJ NN NN IN CD NN NNP NN CC VBD PRP IN DT NN IN JJ NN .
NNP NNPS VBD JJ NNS IN NNS NN , CC VBD DT JJ NN VBG NN .
NNP NNP NNP NNP IN NN NN VBD RB VBN JJ NN NNS .
PRP VBD VBG PRP IN NN NN POS NNP NNP NN CC VBD RB TO WRB DT NN VBD NN .
JJ NN NNS , VBG NNP NNP CC NNP , VBD VBG RP JJ JJ NN NNS .
DT NN NNS VBD DT NN DT JJ NN RB , WRB JJ NNS VBD DT NN NNS CC VBD DT NN IN DT NN .
DT NN , DT NNS VBD JJ .
NNP , IN NN , JJ NNS JJ NNS RB IN NN IN DT NN NN .
WRB DT NN VBD IN PRP$ JJ NN NNP NN , DT NN NN VBD JJ NNS IN DT NNP NNS IN PDT DT NN NNS .
DT NNS VBD NNP POS JJ NN IN DT JJ NN , `` NNP VBZ JJ IN PRP$ NN . ''
DT NNP NN VBZ DT NN , WDT RB VBD VBG CC WDT JJ NNS VBD RB VBP RB , VBD RB VB DT JJ NN IN NNS IN DT NN .
`` DT NN IN NN NN VBZ IN DT NN IN PRP MD VB TO PRP , '' PRP VBZ .
`` TO VB DT NN VBZ RB JJ .
PRP MD VB VBN RB JJ TO VB RB IN NNP .
PRP VBD TO VB IN PRP RB IN NN . ''
NNP POS NNP NN VBZ DT NN RBR , VBG NNS TO VB IN DT NN CC RB TO VB RP IN NNP .
VBG DT NN `` NNP , '' PRP VBZ , `` VBN IN DT NNS IN DT JJ NN , DT NNS VBP TO VB PRP$ NNS VBP VBN TO VB VB PRP IN DT NN POS NN . ''
PRP VBZ RP TO VB DT JJ JJ NNP NNS IN NN .
NNP RB VBD JJ TO NN RB RB NNS TO DT CD NN .
IN DT NN IN DT CD NN , DT NN NN VBD VBG NNS RB , RB VBG PRP$ NN RB RB RB TO NN DT JJ IN DT NN VBD CC VB PRP IN DT NN IN NN .
PRP RB VBN DT NN IN NNP NNP NNP IN WDT NNP MD VB TO VB PRP$ JJ NN .
DT JJ NNP NN , VBN IN NN NN NNP CC NNP NNP , VBZ NNP NNP , CD IN DT NN POS RBS JJ NN NNS , VBG RB JJ .
NNP RB IN DT NN VBD NN , PRP VBZ NNP NNP VBG , `` PRP VBP DT NN RB IN VBG IN DT RB JJ NN : .
PRP VBP TO VB IN DT NN NN VBZ RB DT NN TO VB IN JJ NN . ''
DT NN VBD VBN TO VB CD NNS IN NNP JJ NN .
NNP VBD DT RB JJR NN , VBG JJ NNS .
RB , PRP VBD IN RB VBG DT NNS WP VBP PRP$ NN TO VB DT NN IN DT NN .
`` PRP VBP VBG DT JJS NN IN NN MD VB VBZ TO VB DT NN VB RP CC VB NN , WDT RB VBZ DT NNS RB RBR , '' VBZ NNP NNP , NNP POS NN IN NN .
`` IN PRP VBD PRP CC VBD PRP NNP , DT JJ NN VBZ RB VBN . ''
PRP VBZ , `` DT VBZ RB CD CD . ''
IN DT NN NNS CC RB VBG RP JJR IN CD NNS NN , NN NNS VBD TO RB VB PRP$ NN .
IN NNP NNP , NNS VBD JJ JJ NNS NNP NN CC IN DT NN , RB VBD TO VB NN NN .
DT NN VBD VBN TO VB CD IN NNP POS NN , JJ `` WRB PRP JJ '' NNS , WDT VBP VBN VBG RB IN NN TO NN NNS IN CD .
DT NN MD VB VBN IN DT NNP NNP NN , VBG DT NN NN IN NNP POS JJ NN NN , `` NN IN NNP . ''
CC IN DT NN IN DT NN VBD NN , NNP NNS VBD RB TO VB RB IN DT NN NN .
`` PRP VBP RB VB IN DT NN NN VBZ TO VB VBN .
DT NN VBZ TO VB VBN RP : PRP VBP VBG DT JJ NN , '' VBZ NNP NNP NNP , JJ NN NN IN NN .
IN DT NN , DT NN NNS VBP RB VBG RBR TO VB JJ NNS IN PRP VBD IN DT NN IN CD .
CC PRP VBZ TO VB VBN IN PRP$ NNS MD VB DT RBR JJ .
IN CD , IN DT NN IN NNS IN JJS IN DT JJ NN NNS , NNS VBD IN DT NN IN NN .
RB DT NNS MD VB PRP$ RBS TO VB DT NN MD VB DT NN RB .
NNP NNPS : .
NNP NNP :
NNP NNP , JJ NN IN NNP NNP , NNP NNP , VBD DT NN IN NN TO VB DT NN NN IN NNP NNP , DT JJ NNP NN .
NNS VBD RB VBN .
NNP NNP , WP VBD PRP$ NNP NNP NN IN NNP , VBZ NN CC JJ NN IN NNP .
NNP NNP , DT NN POS NN CC JJ NN , MD VB DT NN IN NN .
RB , NNP POS NNP , NNP NNP , NNP , VBN NNP TO VB PRP$ JJ $ CD CD JJ NN NN IN DT NNP , NNP , NN .
DT NN VBD VBN VBN IN NNP NNP , NNP NNP .
NNP NNPS :
DT JJ NN NN TO NNP NNP POS JJ `` JJ NN '' NN NNS IN NN NNS TO VB PRP$ NN TO VB VB DT NN POS NN NN .
DT NN , DT JJS RB IN DT NN , VBZ NNS IN CD JJ NNS CC VBG RP DT JJ NNP NNP NN IN NN .
DT NN MD VB CD NN IN DT JJ NNS IN DT NN IN NNS TO JJ NNS .
PRP VBP WP DT NN IN NNS VBZ , VBP RB PRP .
PRP VBZ WP CD -RRB- VBZ WRB PRP VBP IN , RB , PRP RB IN NNP NNP : LS -RRB- VBZ IN PRP VBZ JJ TO VB IN DT NN IN NNS CD NNS JJ : CC CD -RRB- VBZ IN CD NNS VBN IN CD NNS MD VB JJ JJ NN CC NN NNS .
NNP , DT NN IN DT JJ NN , VBZ DT JJ NN IN DT NN , CC DT JJ JJ NN VBN RP IN DT NNP NNP NNPS IN DT NNP NNP JJ NN .
DT NN WDT VBD NNS IN DT NN IN DT NNP NNP IN DT NNP NNP NNS VBD VBN TO RB CD IN CD NNS IN DT NNP NNP NNP POS , DT NN WDT VBD VBN VBN RB RB IN DT NNP NNP NNPS CC JJ NN IN JJ NN POS NN .
NNP , RB IN DT NN VBD VBN IN DT VBZ WP VBD DT VBG RP TO VB .
IN NN CD , IN DT JJ NNP NN IN DT NN IN JJ NN , DT NN IN DT VBG RB VBD VBN IN DT NNP POS NN , NNP NNP .
PRP VBD DT JJ NN IN NNP NNP IN DT JJ NNS IN NN CD TO VB PRP$ NN POS NN IN VBG TO DT JJ NN , WRB PRP VBD .
RB WP IN NNP VBD VBN RB CD NN VBZ IN CD JJ NNS , CC NN IN DT JJ NN IN DT NNP POS NN .
`` IN PRP VBP PRP$ NN , CC VB DT JJ NN , NN MD VB , '' PRP RB VBD .
IN NNP NN , RB DT JJ IN DT NNS IN JJ CC NN VBG RP NNS TO VB DT NN IN JJ CC , DT NN , JJ NN .
NNP NNP , DT JJ , NNP NNP JJ NN , VBD CD NNS IN CD IN NNP , CD JJR IN PRP VBD VBN IN DT JJ JJ NN IN WDT PRP VBD VBN NN .
DT NNP NNP NNP CD IN CD , VBG DT `` NN IN DT NN , '' VBD CD IN PRP$ NN POS CD NNS CC VBD CD IN PRP$ NNS IN DT JJ NN .
NNP NNP NNP VBD DT NNPS TO CD NNS TO VB IN DT NN IN DT JJ NN IN DT NNP NNP .
IN PRP VBD DT NNP POS JJ NN IN PRP$ NNP NNP NN IN DT JJ NN , CC CD NNS IN NNP IN DT NNS , VBZ PRP MD VB DT NN IN VBG , CC IN DT NN PRP$ JJ NN VBZ VBG , WDT MD RB VB DT NN .
DT JJ VBZ IN NNP NNP , DT NN WP VBZ RB VBZ TO VB DT NNPS CC DT NN CC CD NNS IN CD NNS IN NNP POS NN .
`` DT NN PRP VBD IN EX VBD DT JJR NN IN DT NN RB , '' NNP NNP NN NNP NNP .
PRP VBZ DT NN WP VBZ CD IN DT JJ NNS IN DT JJ NN , WDT VBZ IN DT NN IN PRP VBD IN DT JJ NN .
DT NN IN DT NN VBZ IN DT NNP POS NN IN NNP NNP POS NNP NNP NN IN CD NNS TO NN IN DT JJ NN .
DT NN TO VB IN RB VBZ IN IN CD IN CD NNS -LRB- CD IN CD -RRB- WDT VBD NNP NNP VBZ VBD RP TO VB PRP RB .
DT VBZ RB DT NN TO NNP NNP NNP .
PRP MD VB IN DT NN NNS IN DT NN IN DT NN VBD NNP -LRB- WDT VBZ DT JJR NN IN DT JJ NN IN `` NNP , '' VBP RB PRP VBP . -RRB- MD VB VBN NN IN DT NNS , CC PRP VBP PRP IN JJ NN .
NNP IN DT CD NNS VBD NN IN NN IN DT JJ NNS IN NNP NNP , CC IN PRP VBD PRP$ NNS CC VBG DT NN , NNP VBD DT JJ , IN JJS IN RB IN PRP MD VB .
DT JJ NNS RB VBD RP VBG NNS VBG DT NNS CC NN IN DT NNS .
`` PRP VBP IN DT NNPS NN , CC RB IN PRP VBD NN .
PRP VBP PRP DT .
DT JJ NN PRP VBP VBN IN VBZ IN DT NN TO VB CD NNS , '' VBD NNP NNP , DT NNP NNP , IN DT NN IN NNP POS NN .
DT RB VBZ DT NN IN DT NN CC NNP .
PRP VBP TO VB PRP VBZ DT NN , IN PRP RB VBN IN DT NN IN RB IN NN IN RB , VBG DT NNP POS CC NNPS , VBZ RB IN RB RB .
VBG PRP TO VB IN IN DT VBD DT NNP NNP NNP NN , CC CD IN DT NNP NNP CC NNP NNPS -LRB- NNP , PRP VBZ JJ -RRB- , PRP MD VB JJ NN IN DT JJ NN TO VB VBG NNS , CC RB DT NN MD VB PRP$ NN .
NNP , DT NNP POS VBD PRP DT NN IN NNS TO VB IN .
IN DT NN NN , IN NNP CC NNP , EX VBD NNP NNP , DT NN , JJ NNS WP VBD VBN DT NN NNS IN DT NN TO CD NN .
PRP VBD NNP NNP -LRB- NNP IN NN CD -RRB- , VBD DT NN IN IN DT NNP POS JJ JJ NN , CC NN IN PRP$ NN POS JJ NN .
JJ VBZ PRP$ NN IN DT NNP NNP NNP IN WRB PRP VBD PRP$ JJ NN NN VBN JJ NN , DT NN WP VBD PRP VBD TO VB DT NN IN TO PRP IN NN IN DT NN .
RB PRP$ NN : NNP NNP POS .
DT NNP POS NN IN DT JJ NN VBD NNP NNP , WP VBZ DT JJ NN IN DT JJ NN .
PRP VBZ NNP IN DT NNS IN CD NNS , CD VBZ CC CD JJ NNS IN CD IN NNP , CC VBD IN IN VBG NN IN DT NN NNP , RB IN VBG , VBG DT NN CC VBG DT NN .
`` WRB PRP VBP IN DT NN , PRP VBP DT NN RB , '' PRP VBD .
DT JJ NNS IN DT NN VBD NNP NNP , NNP NNP CC NNP NNP , DT NNPS POS JJ NN .
PRP VBD IN CD NNS , CD NN NNS CC CD VBZ VBN IN IN DT CD NNS IN DT NNP .
PRP VBD DT JJ NNS RB , IN CD NNS CC NNP .
PRP VBZ DT JJ NN IN NNS , RB RB IN NN RB , WDT VBZ DT NNPS VBP IN DT NN NNS TO VB .
`` PRP VBP IN DT NN IN NNS , '' VBD NNP NNP NNP NN NNP NNP IN NN CD .
`` PRP MD RB VB DT JJ NN WP VBZ JJ VBN RP IN DT JJ NN IN DT JJ NN WP VBZ JJ . ''
CC DT JJ NN VBZ RB VBN DT NN IN WRB JJ NNS MD VB TO PRP$ NN .
`` WRB PRP VBZ , PRP RB VB WRB PRP MD VB PRP RB , '' PRP VBD .
`` DT VBZ NN .
NNP NNP VBD DT CD NN NN IN JJ JJ NN , VBG JJ NN WDT VBD PRP$ JJ NN NNS TO VB .
JJ NN IN DT NN VBD TO $ CD CD IN $ CD CD , RB WP NNS VBD VBN .
CC JJ NN VBD RB CD NN TO $ CD DT NN IN $ CD DT NN , IN DT NN VBD PRP$ NN NN NN .
NNP NNS JJ VBD TO CD CD IN CD CD .
NNP VBD CD NN TO $ CD CD IN $ CD CD .
DT NN NN , WDT VBZ JJR IN PDT PRP$ NNS IN DT NNP , RB VBD DT JJ NN IN DT JJR NNP NN MD `` RB VB '' PRP$ JJ NN CC `` VB PRP JJ '' TO RB CD NNS .
NNP VBD NN VBD DT IN DT NNP CC RB , VBG DT JJ NN IN DT NN NNS .
DT NN , RB , VBD NNS IN DT NNP VBD `` JJ NNS '' IN DT JJS NN .
NNS VBP DT NNS IN CD NN TO CD NN , DT JJ NN IN PRP VBG IN JJ NNS VBN IN DT JJ IN NNP POS JJ NNS .
IN NN TO DT JJ NN IN DT NN NN , NNP , WDT VBZ VBN NN NNS CC JJ NN NN , VBZ RB VBN IN DT JJ CC JJ NNS , `` NNS IN DT NN WDT VBP RB RB VBN JJ , '' VBZ NNP NNP NNP , DT NN IN NNP NNPS NNP .
DT NNS , VBN IN DT JJ NN , MD RB VB DT JJ NN POS NNS , NNP VBD .
IN DT JJ JJ NN , NNP VBD NN IN $ CD CD , CC $ CD DT NN , IN NN IN $ CD CD .
NNP NNP VBD PRP VBD PRP$ JJ NNS IN CD TO $ CD DT NN IN $ CD DT NN .
NN NNS VBD VBN TO $ CD CD IN $ CD CD .
JJ NN , NNP VBD JJ NN IN $ CD CD , CC $ CD DT NN , IN $ CD CD IN NN .
IN DT CD NNS , DT NN POS NNS VBD CD NN TO $ CD CD , CC $ CD DT NN , IN $ CD CD , CC $ CD DT NN .
NNS VBD CD NN TO $ CD CD IN $ CD CD .
IN NNP NNP NNP NNP JJ NN NN , JJ NNS VBD CD NNS TO VB IN $ CD .
VBG PRP$ NNP CD NN `` NNP NNP NNPS NNP NNS POS NN TO NNP , '' PRP VBP JJ IN NNP NNP VBZ RB VBN IN TO DT JJ , JJ NNS IN DT JJ JJ NN .
IN DT NNS VBP JJ , RB , WRB VB DT NN TO DT JJ , JJ NNS WP$ NN TO VB IN DT NN VBZ JJ IN JJS .
WRB RB VB DT JJ JJ NNS TO DT NNS NN , CC VB NNS DT NN NN IN JJ NN VBN IN WRB JJ NN PRP VBD IN PRP$ NNS IN DT NN .
DT MD VB DT NN IN NNP , CC VB DT NN NN VBN RB IN JJ NN , JJ NN CC JJ NN .
RB , MD RB RB VB DT NN .
NNP NNP NNP NNP NNP , NNP .
NNP NNP , DT NNP NNP NNP NNP NN , VBD IN NN IN CD NN , CD CC DT NN NNS IN DT JJ NNP NN NN NN .
IN NNP CC NNP , NNP NNP NNP VBD RB VB DT NN IN JJ NN , CC RB PRP VBD VBN RP JJS IN DT NN IN NN .
`` PRP VBD NNS DT NN RB IN DT NNPS , '' PRP VBD .
`` PRP VBD VBN RP DT NN : NNP , NNP , NNP , CD .
NNS VBP VBG IN JJ NNS TO VB , CC NN VBZ TO VB PRP$ VBG RP . ''
IN JJ IN NNP POS NNS NNS , PRP VBD DT NN WDT VBD RB IN DT JJ NNS .
IN NNP , DT NN VBD IN JJ NN .
CC IN DT NN VBD IN DT NNP NNP NNP NN , DT NNP VBD DT NN IN NN .
RB PRP VBD NN IN DT NN NNS IN NNP POS JJ NN .
IN DT NN IN NNP NNP POS NN JJ NNP , DT NNP NN VBD VBN RB JJ .
CC IN DT NN IN NN RB NN , DT NNS VBD IN JJ NN IN NNP IN DT NN IN TO WRB JJ DT NN MD VB .
IN DT NN NN RB VBN IN NN IN CD NN , DT NN IN NNP VBD RP .
CC PRP VBD JJ NNS IN NNP .
NNP NNS VBD RP DT JJ CC CD CD NN IN JJ NN : NNP NNP NNS VBD CD NN IN JJ NN .
IN NNP POS NN NN IN NNP NNP , DT JJ NN IN DT NN IN DT JJ NN , JJ NN NNS VBD DT NNP NN POS JJ NN : DT NNP NNP NNP CD NN NN .
NNP NNS IN DT NNS VBD VBG NNS : JJ NNS , VBG NNS .
RB RB , DT NN VBD DT NN , CD TO CD , IN DT NN VBD IN NNP , RB JJ NNS , CC CD NN .
`` PRP VBP NN , CC PRP VBP RB VB DT NN , '' VBD NNP NNP , DT JJ , NNP NNP NNP NN WP VBZ DT JJ NN .
DT NNP NN , DT NN IN DT NNP JJ NN , VBD PRP VBZ , VBG TO VB NN .
`` DT VBZ RB DT NN IN NN TO VB DT JJ NN IN , '' VBD NNP NNP , WP VBZ NN IN DT JJ NNS .
`` PRP VBP TO VB DT RB JJ NN . ''
NNP VBD JJS IN PRP$ NNS IN DT NN VBG TO VB NNS CC NNS , CC EX VBD RB JJ NNS .
`` PDT DT NN NNS : NNP CC NNP , NNP , NNP : VBP VBG RB RB VB DT NN , '' NNP NNP VBD .
NNP RB , DT NN `` VB '' NN IN NNP CC NNP VBD RP .
IN DT JJ NN IN CD NNS , DT NN JJ TO NNP NNP VBD DT JJ NN TO VB DT NN .
IN DT NNS , RB CD CD JJ NNS VBD , CC DT NN VBD VBN DT JJ NNS CC VBD RP IN CD .
`` IN NNP VBD RB NN , VBD PRP VB RP DT JJ NN , '' NNP NNP VBD .
PRP VBD CD NNS IN NNP CC VBG DT NN TO VB RP IN PRP$ NN JJ NNS POS NN NNS .
DT JJ JJ NNS VBD DT JJS NN IN JJ NN , -LRB- $ CD -RRB- CC NNP NNP POS NNS VBD VBG RP NNS .
CC DT NN VBZ DT JJ NN IN DT NN VBN IN NN , CC DT NNS RB VBD TO CD NNS .
`` WRB PRP VBP TO VB , PRP VBP IN PRP : PRP VBP VBG PRP$ NNS , '' NNP NNP VBD .
`` PRP VBZ RB JJ . ''
PRP RB VBN PRP$ NN IN DT NNP NNS .
IN DT NN , PRP VBD CD NN IN NNP NNP , CC NNP NNP VBD DT NN IN DT NNP NNP NN VBG DT NN IN DT JJ NN NN , WDT VBD VBN VBG NNS IN PRP$ JJ RB IN NNP POS NNP NNP NN NN .
`` JJ JJ : , '' NNP NNP VBD , RB IN DT NN , `` : . RB JJ : RB JJ RB : RB RB VBN :
PRP VBP IN IN DT NN IN NN : . ''
PRP VBD RB .
IN NN , DT NNP NN VBD IN JJ NN .
`` PRP VBZ VBG IN DT NN , '' VBD NNP NNP , DT NN NN WP VBD VBG IN DT NNP NNP NNP NNPS NNP .
RB PDT DT JJ NNS VBP VBN IN DT JJ NN CC JJ NN NN IN NNP NNP NNP RB .
NNP VBD VBN IN JJS NN VBD DT JJS NN NNS IN NN .
IN JJ NN , DT NN VBD PRP$ JJ , NNP , RB JJ NNS .
`` NNP VBD DT NN RB , RB IN JJS CD NN IN PRP MD VB DT NN , WDT PRP MD RB , '' NNP NNP , DT NNP NN , VBD RB IN DT NN .
`` NNP VBZ RB CD NN CC VBN , NNP VBZ RB CD NN , NNP CD NN .
DT NN VBZ VBN RB RB VBN . ''
IN JJ NN : NNP NNP POS NN NN : NNP , NNP NNS CC NNS VBN NNS IN WRB JJ DT NNP NNP NN MD VB .
IN DT NN IN DT NN NN , JJ NN NNP NNP CC CD NNS VBD IN DT NNS IN RB IN DT NNP NNP NN VBD : VBG JJR IN CD NNS IN DT JJ JJ NNS .
PRP VBD DT NN VBN IN DT NN .
IN NNP NNP NNS VBD JJ JJ NNPS IN NNP NNP , NNP NNP CC NN NNP NNP VBD PRP TO VB IN DT NNP .
NNS RB RB VB NNP NNP NNP CC NNP NNPS NNP TO VB IN NNP .
RB , IN IN CD NNS , DT NNP NNS VBD .
`` DT NNP VBZ VBN RBR , '' VBD CD NN IN IN NNP NNP NN , IN DT NNP NNP NNP NNP NN RB VBD DT NN .
IN NNP NNP VBD , DT NNP NN NN VBD JJ .
NNS VBD IN PRP$ NNS VBD DT JJ NN IN NNP NNP .
RB , CD NNS RB , NNP NNP RB VBD TO DT NN IN DT NN .
`` NNP . NNP . NNP . '' VBD NNP NN NNP NNP , VBG JJR NNP NNS .
`` DT VBZ NN NN . ''
IN DT NNP NN VBD , DT VBD IN DT NN IN VBG CC NNS VBD VBN IN PRP .
DT NNP NN VBD IN NNP , PRP$ JJ IN DT NN , IN NNP , CC IN CD NN .
NNP NNP NNP POS NN -LRB- NNP CC NNP , NNP CD -RRB- , `` IN PRP VBP DT CD NNS VBG IN PRP , DT JJ NN WDT VBZ CD NN IN DT CD IN VBG RB MD VB JJ IN JJS IN DT NN , '' VBZ DT JJ JJ NN IN VBG IN NNS .
VBZ RB PRP RB IN JJ TO VB IN IN PRP VBP DT CD NNS VBG IN PRP , DT JJ NN WDT VBZ CD NN IN DT CD IN VBG NN MD VB RB IN JJS IN DT NN .
VBP RB VB PDT DT NN , NNP NNP .
NNP NNP
DT NNP NNP NNP VBD DT NN WDT MD VB DT NN NN NN TO VB CC VB JJ NNS IN JJ NNP NNS .
DT JJ NN TO VB NNP NNP , NN IN NNP NNPS , VBN JJ NN IN DT NN , VBD NNP CC VBN IN DT NN IN DT NN NN NN .
DT NN VBZ VBN TO VB VBN RP IN DT NNP NNP CC NNP NNP NN , CC DT NN NN IN JJ NN MD VB VBN .
DT NN VBD NN IN DT NNP NN CC DT JJ NN IN NN NNP NNP , WP NN VBD PRP$ NN NN IN NNP NNP , DT NN IN NNP NNPS .
IN DT NN TO NN NNP NNP NNP -LRB- NNP , NNP -RRB- , NNP NNP VBD DT NN IN DT JJ NN TO VB PRP$ NN IN NNP , CC VBD PRP VBD TO DT NN IN DT NN .
NNP NNP , JJ NN NN , RB VBD DT NN TO VB DT NN POS NN TO DT NN `` IN PRP$ JJ NN . ''
NNP NNP VBD RP NNP NNP POS NNS IN DT `` NN IN PRP$ JJ NN VBG . ''
PRP RB VBD DT NN IN DT JJ NN VBD RB VBN IN NNP NNP NNP NNP VBD EX VBZ `` NN NN '' IN DT NN POS NN .
NNP NNP CC JJ NN NNS RB VBN IN DT NN VBD RB DT NN TO DT JJ NN NN .
CC PRP VBD DT NNP CC NNP NNS IN NNS TO VB RB TO VB DT NN .
NNP CC IN DT NNP CC NNP VBD DT NN IN DT NNP NN IN NNP VBZ RB JJ TO CD NNS TO VB DT NN .
`` PRP VBZ RB IN DT JJ NN CC PRP RB VBP TO VB PRP , '' VBD CD NNP NN .
DT NN VBZ VBN IN VBG DT NN IN DT NN MD VB JJ NN NNS TO VB RP DT NN VBN IN DT JJ NN .
RB , DT NN NN VBZ RB VBP RB VBN NN TO VB NNS , CC MD VB DT JJ NN IN VBG DT NN NN IN DT NN DT NN VBZ JJ .
NNS IN DT NN NN DT NN IN DT NN TO VB NN CC NN TO DT JJ NN , CC TO VB DT NN CC NN IN DT NN .
IN JJ , DT NN MD VB DT NNP NNP DT JJ NN NN IN CD NN CC JJR IN DT NN NN IN DT JJ NNP NN NN MD VB VBN .
PRP RB MD VB DT VBG NN TO VB DT NN NN CC TO VB DT NN JJ TO VBG DT NN IN DT NN .
DT NN MD VB DT NN TO VB DT NN IN JJ NN VBZ RB VBN VBN , CC IN DT NN VBZ JJ TO VB DT NN RB , NN IN DT JJ NN IN NN IN DT NN IN NN IN NNS , CC VB NN TO DT JJ NN .
IN JJR NN VBZ VBN , DT NN MD VB NN TO VB DT NN NN CD NNS .
PDT DT NNS , DT NNS CC NN NNS , VBD NN IN DT NN IN NN TO VB VBN IN NN IN IN NN NNS IN DT NN IN JJ , JJ NN .
CC JJ NN NNS VBN , DT NN NNP NNP POS NN IN DT NN IN NN VBD DT NN IN DT NNP NN CC DT NN NN .
CD IN DT JJ NNS VBD IN DT NN VBD DT JJ NNS MD VB VBN IN VBG PRP IN JJR NNS CC VBG JJ NN NNS .
IN DT JJ NN TO DT NN IN NNS IN NNP NNP CC JJ NNS NN NNS , DT JJ NN VBD NNS IN DT CD NNS MD VB IN PRP NN .
`` PRP MD VB DT JJ NN CC PRP MD VB DT JJ CD , '' VBD NNP NNP , DT NN , WP VBD DT NN TO VB DT JJ NN IN DT NN IN NNS .
`` PRP VBP VBN IN NNS VBP VBN RB CC IN DT , PRP VBP VBN DT NN IN NNS , '' DT NNP NN VBD .
DT NNS NN VBZ VBN DT JJ NN NN WDT MD VB VBN DT CD NN NN NN IN DT NN IN DT NN , CC DT NNS .
RB , JJ NN IN NNS VBZ $ CD DT NN , NNP VBD .
RB IN PRP$ JJ NN , DT NN VBZ VBD IN CD NNS CC VBZ VBN TO VB NN IN DT NNS .
IN DT NN NN IN IN $ CD CD , DT NN VBD VBD PRP VBD VBN IN DT JJ NN .
IN DT JJ NN IN NN , NN NNS MD VB VBG $ CD DT NN IN DT NN .
NNP IN NNP VBZ IN NNS CC JJ NN NNS VBD DT NNS .
CC IN DT NN POS NNP , NNP , NN , IN CD IN DT JJ NNS RB VBP VBG , NNP VBD .
IN NNP NNP NNS , NNS MD RB VB NNS TO VB NN NNS .
NNP VBZ VBN TO VB WRB JJ NNS VBP VBG IN PRP$ JJ NN , NNP , NN .
NNP NNS MD RB VB VBN IN NN .
NNP NNP NNPS , DT JJ NN IN NNP NNP , VBD PRP VBZ TO VB DT NN NN IN DT NN NN NN POS JJ NN .
NNP , DT NN VBN IN DT NNP NNP NN NN NNP NNP , RB VBD PRP VBZ TO VB JJ NNS IN DT NNPS CC NNP NNP VBG DT NN NN TO VB NNP POS NN .
NNP VBZ DT CD NN NN IN NNP CC VBD DT $ JJ NN IN DT NN IN NNP , CC NNP NN VBD DT $ CD CD NN JJ .
DT NNP NN VBD TO VB IN DT NN POS JJ NN .
IN NNP NNP NNP JJ NN NN , NNP NNS VBD CD NNS TO VB IN $ CD .
NNP , WDT VBD VBN VBG DT NN IN JJ NNS , VBD DT NN NN IN NNP CC VBD PRP RP DT NN NN .
DT NN POS NN VBZ NNS TO VB IN CD NNS , TO VB RP JJ NN NN NNS CC TO VB PRP$ NNP NNP NN .
IN NN IN DT NN , NNP VBD DT NN TO VB $ CD CD IN PRP$ JJ NN NNS TO NNP NNP NNP , DT NN IN NNP POS NNP NNP .
NNP NNP , NNP POS NN , NN CC JJ NN NN , VBD DT NN `` VBZ IN DT NN TO VB NNP POS NNS . ''
PRP VBD NN POS NN `` JJ CC JJ '' CC VBD DT NN VBZ TO VB IN PRP$ NN .
NN NNS VBD IN NNP NN IN NN TO NNP POS NNP NNP NN , CC DT NNS VBD DT JJ NN IN NNP NNP VBD IN DT NN .
JJ NNS VBP JJ NN IN NN NN , IN DT NNP NN .
DT NNP NNP NNP , WDT VBD IN DT NNP NNP NNS VBD , VBD DT RBS VBN IN DT JJ JJ NNS , IN DT NNP NNP VBG CD NN .
IN NNP , NNS VBD IN JJ NN CC VBD RP IN JJ IN CD NN IN VBG RP JJ IN DT NNP NNP NN TO VB RP RB CD NN .
NNP NNP NNP NNP NNP NNP VBD , `` IN PRP$ NN , DT NN NN MD VB RB RB .
EX MD VB CD CC JJ JJ CC JJ NNS , CC PRP VBP RB VBN IN NNS .
DT NN IN NNP NNP CC DT NNP -LRB- NNP NNP -RRB- VBZ RB JJ . ''
NNP , WDT VBZ VBN DT NN IN NN NN IN JJ NNS , RB VBD JJ NN .
NN NNS VBD IN NNP , NNP , NNP , NNP CC NNP .
NNS IN NNP , WRB DT NN NN VBN NN , RB VBD .
VBG VBZ DT NN IN JJ NN NN :
NNP :
CD IN DT JJS NNS VBD IN DT JJ NN IN NNP POS JJS NN .
DT NNP NNP IN CD JJ JJ JJ NNS VBD CD NN , DT JJ NN , VBG RP DT NN POS NNS .
DT NN VBD IN NNP , RB JJ NNS .
IN NN , CD NNS RB IN NNP NNP , DT JJ NN MD VB VBN CD NN , VBG TO DT NN IN DT NN .
NNS MD VB VBN RB RB TO NNP POS NNP NN NN NN IN PRP VBD JJ NNS IN DT NNP NN POS VBG CD NN IN PRP$ NN IN DT CD NN CC PRP$ NN .
DT NN , RB , JJ JJ NNS MD VB VBN VBN IN VBG RB RB .
`` PRP RB VBD IN DT JJ NN , '' VBD NNP NNP , DT NN NN IN DT NNP IN NNP POS NNP NN .
PRP VBD PRP VBD NNS TO VB VBN JJ JJ JJ NNS IN PRP VBD IN IN CD NN .
IN DT NN VBD VBN CD NNS IN IN DT NN IN JJ NNS , NNP POS JJ JJ NN NN VBD VBN CD NNS TO VB DT JJ NN .
`` DT NN VBD JJ , '' VBD NNP NNP , DT NN IN NNP NNP .
`` PRP VBD NNS IN DT NN IN JJ NNS MD VB VBN RP TO VB DT NN IN DT NN . ''
JJ NNS CC NNS , JJ IN WP VBD DT NN IN IN PRP$ NNS VBG NNP NNP NNS , VBD RB JJ IN DT JJ CD NN NN IN NNP NN NNS .
`` NN VBD RB JJ , VBG RBS JJ NNS .
DT VBZ WRB NN VBD DT JJ JJ IN DT NN IN JJ NNS IN JJ JJ NNS , '' VBD NNP NNP , DT JJ NN IN NNP NNP .
DT JJ NNS , VBG NNS , VBD VBG RP JJ NNS JJ NN , CC JJS NNS VBD TO VB WP MD VB IN NNP NNP IN VBG .
CC RB IN NNP NNP VBZ TO VB , NNS RB VB DT JJS NN TO NN NN MD VB DT JJ NN IN DT NNP NN , WDT RB VBD VBG NNS IN NN IN DT NNP VBD VBN IN DT CD JJ IN NN IN NNP CD .
DT IN NNP NNP POS JJ NNS VBD DT IN DT JJS NNS .
DT CD NN NN IN NNP NNP CC NNP NNP NNP POS CD NN NN VBD RB JJ IN PRP$ JJ NNS , WP$ NNS IN JJ NNS NNS IN NNP MD RB VB IN NN .
NNP NNP JJ NN VBD PRP VBD TO VB CD CD NNS -LRB- $ CD CD -RRB- IN VBG CD CD NNS IN CD NNS DT .
CC NN POS NN NNP NNP POS NN NN IN CD NNS TO CD NNS DT NN , VBG JJ NN IN NNS TO VB TO DT NN NN IN DT NN VBZ RB .
NNP :
NNP IN DT NN NN IN NN , DT NNP NN NN NN NNS IN PRP$ NNS IN DT NN IN NNP NNP POS JJ NN .
DT NNP NNP NNP CD NN NNP VBD RP JJ NNS , IN NNP , PRP$ JJ IN DT NN , IN VBG VBN JJ NNS IN JJ NN .
PRP VBD JJ NNS JJ IN NNP NNP NNP NNP , NNP NNP NNP NNPS CC NNP NNP NNP NNP WDT VBD DT NN .
NNP IN JJ NNS CC VBN IN NNP NNP POS NN , PRP VBD RP NNS IN DT NN .
NN VBD CD CD NNS , JJR IN JJ JJ NNS .
NNP :
JJ NN VBD DT NNP FW DT VB IN PRP$ JJ NN RB IN DT NN .
DT NNP NNP NNP VBD RB CD NN IN NNP , DT NN IN CD NNS IN NNP .
`` EX VBD DT NN IN DT NN IN PRP VBP RB VBN RB , '' VBD NNP NNP , DT NN IN NN NN NNP NNP .
`` WRB NNP NNP VBD RB RB IN DT NN , EX VBD NN NN IN NNP . ''
NNS VBD IN IN DT NN NN IN NNP NNP VBD VBG RP , NNS WP VBD VBN TO VB VB NNS VBD PRP$ NN IN NNP , VBG VBZ RB .
NNP VBD VBN RB IN JJ NNS CC NNS , IN JJ NNS VBG IN DT NNS IN JJ IN DT NN .
WRB NNP NNP VBD , RB , DT JJ NNS VBD DT NN , VBG IN NNS .
NNP NNP CC NNP VBD TO DT NN IN DT JJ NN , IN NNP NNP VBD JJ NN RBR IN VBN , CC NNP NNP NNP NN VBD CD NN .
NNP NNP CC NNP .
NNP NNP , RB VBN , VBD DT $ CD CD JJ NN IN DT NN , VBG DT NNP NNP NN POS NN JJ NN TO VB $ CD CD TO NNS IN NNS IN NNS TO JJ NNS .
DT NN NN VBD DT NN IN NNP NNP NNP NNP IN DT JJ JJ NNP NNS WDT VBP VBN RB PDT PRP$ NN CC JJ NNS TO JJ NNS IN NNS .
DT JJS NN POS NN VBZ $ CD DT NN .
IN DT JJ NN , NNP VBD $ CD CD , CC $ CD DT NN .
NNP NNP NNP , NN IN NNP NNPS NNP , VBD DT NNS `` RB JJ . ''
VBG DT $ CD CD NN CC VBG IN DT NNS NNP VBD , NNS VBD IN CD NNS DT NN , NNP NNP VBD .
IN NNP NNP NNP NNP JJ NN NN , NNP VBD $ CD DT NN TO $ CD .
JJ NN NN VBD CD NN IN DT NN TO $ CD CD IN $ CD CD .
DT NN NN IN JJ NNS , WDT NNS VBP TO VB JJ NNS TO NNS , VBD `` RB JJR , '' NNP VBD .
NNP VBD $ CD CD IN NN NNS IN PRP$ NN CC JJ JJ NNS : VBD PRP VBN VBG NN , JJ NN NN MD VB VBN $ CD CD JJR IN DT NN , NNP VBD .
JJ NNS TO NNP RB VB VBN IN NNP , VBG DT NN $ CD CD IN NN NN IN DT JJ NN .
NNP IN NNS JJ IN NN VBD CD NN TO $ CD CD , VBG RBR JJ CC JJ NNS CC NNS IN NNS IN NN NNS .
`` DT NNS VBD RB VBN IN JJR NN '' NN , DT NN VBD .
JJ NNS VBD CD NN TO $ CD CD .
NNP NNP .
NNP NNP POS JJ NN RBR IN VBN IN DT NN , RB IN IN JJ JJ NN IN DT NN POS NNP NNS .
DT NNP , NNP , NN VBD NNS VBD TO $ CD CD , CC $ CD DT NN , IN $ CD CD , CC CD NNS DT NN , DT NN RBR .
DT JJS NN VBD DT NN IN $ CD CD , CC CD NNS DT NN , VBN TO DT NN IN DT VBG CD NN IN NNP NNP NNP NNP IN DT NNP NNP NNP NNP .
DT JJ NN , RB , VBN IN DT RB JJ NN IN DT NN IN NNP POS NN NNS , RB IN DT NNP .
IN DT JJ NN , VBG NNS VBD TO $ CD CD , CC CD NN IN JJ NNS CC NNS , IN $ CD CD , CC CD NN IN DT JJ NN .
NNP VBD $ CD CD , CC CD NN IN DT JJ JJ NN .
VBN IN DT NN IN DT RBS JJ NN VBZ DT $ CD CD NN , WDT NNP VBD PRP `` VBZ TO VB RB VBN , IN DT NN , RB IN DT JJ NN . ''
DT NN IN NN NN VBN JJ NN NN IN CD NN IN NNP POS JJ NNS , RB RB IN DT CD NN NN IN NNS VBG IN DT JJ NN NN .
DT JJR NNS VBN IN NNS RB VBN NN NNP POS JJ NN NN IN DT JJ TO CD NN IN JJ NN DT NN RBR .
IN NNP NNP JJ NN NN , NNP VBD $ CD DT NN , TO $ CD .
NNS VBD VBN IN DT NN VBD .
NNP NNP NNP , VBN IN DT NN IN IN DT JJ NNP NNP NNP IN NNP , VBD $ CD CD TO NNP POS JJ NN IN DT JJ NN .
NNP VBD PRP$ JJ NNS VBP CD NN IN NNS IN DT NNP NN IN NNP CD .
NNP VBD DT $ CD CD IN JJ NN IN DT NN TO VB DT NNP NNP NN , CC TO VB JJ JJ JJ NNS TO VB RP PRP$ JJ NN .
JJ NN , DT NN NN VBD PRP VBD DT NNP NNPS CC NNP NNP , NNP , NNP , CC NNP NNP NNP NNP IN NNP NNP , NNP , IN $ CD CD .
IN DT JJ CD NNS , NNP POS JJ NN VBD CD NN TO $ CD CD , CC $ CD DT NN , IN $ CD CD , CC $ CD DT NN , DT NN RBR .
NNP NNP NNP .
NNP NNP POS NNS NN VBD IN DT JJ NN , CC DT NNP NNP NN VBG NN VBD RB JJ TO VB DT CD NN NN IN JJ NN IN IN JJ NN IN JJ NN CC NN NNS .
NN VBD TO $ CD CD , CC $ CD DT NN , IN $ CD CD , CC $ CD DT NN , DT NN RBR .
DT NN VBD DT NN VBD RB IN DT $ CD CD NN IN JJ NN NN , VBG DT CD NN NN IN JJ NN NNS -LRB- RB JJ -RRB- , CC DT CD NN NN IN NN NNS .
DT JJ NNS IN NN VBD DT JJ NNS JJ IN JJ NNS , WDT VBD VBN TO VB .
IN DT NN , NNP NNP POS JJ NN NN VBD RB CD NN NNS , DT RBR JJ NN IN DT JJ NNS IN NNP , WDT VBP VBN VBG RBR JJ NNS .
NNP NNP NNS VBD IN $ CD , RB CD NNS , IN NNP NNP JJ NN .
DT NNS VBP DT JJ NN NN IN NNS IN NNP NNP , CC DT CD NN NN IN NN .
DT NN NN VBN VBG NN NN NNS IN DT JJ NNP NN .
NNP NNP VBD DT CD NN NN IN JJ NN NNS IN DT NN , TO $ CD CD IN $ CD CD IN DT JJ NN .
JJ NNS VBD RB TO $ CD CD IN NNP CD , IN $ CD CD DT NN RB .
NNP NNP POS JJ NN VBD RB CD NN , CC $ CD CD , IN PRP VBD TO PRP$ JJ NN DT NN IN .
JJ NN VBD CD NN IN DT NN , RB IN IN DT JJ NN DT NN RBR IN DT NN IN NNP NNP NN NNS .
JJ NN VBD RB CD NN IN DT NN .
IN DT CD NNS , NN VBD CD NN TO $ CD CD , CC $ CD DT NN , IN $ CD CD , CC $ CD DT NN , DT NN RBR .
NNP NNP NNP VBD PRP MD RB VB DT NN IN DT JJ NN NN IN NNP NNP NNPS NNP TO VB NNP CC VBZ VBN IN NN IN DT NN .
DT JJ NN , WDT VBZ CD NN IN DT JJ CC NN NN , VBZ IN $ CD DT NN IN CD CD NNP NNS .
NNP POS JJ NN NN MD VB NNP TO VB DT NN NN IN NNP CD WDT MD VB RP VBG NNS IN DT JJ NN RB JJ TO WP DT JJ NN MD RB VBP TO VB IN DT IN NNP .
NNP VBZ VBG NNP TO VB PRP$ NN NN , WDT VBZ DT NN IN NNP NNP CC NNP TO VB PRP$ JJ NNS .
NNP VBZ VBN NNP IN PRP MD `` RB VB TO DT NNP NN IN IN JJ CC JJ DT NN RB VBZ VBN . ''
DT NNP NN VBD NNS MD VB VBD IN DT NN IN DT NNP NN IN `` NNS '' JJ NN NN IN CD NNS IN DT JJ NNS .
NNP VBZ `` DT NN TO VB CC DT NN IN JJ NN NN VBZ JJ , '' DT NNP NN VBD .
DT NN VBD IN NNP MD VB JJ TO VB NNP POS NNS CC MD , `` RB , VBP NNP IN DT NN WDT MD VB PRP$ JJ NN NN CC NN TO DT JJ NN IN CD NNS . ''
IN JJ JJ NN , NNP VBD IN $ CD , RB $ CD .
DT NN IN JJ NNS IN NNP NNP VBD IN NNP NNP CC NNP POS $ CD NN IN DT JJ JJ NN NNS NN VBZ `` RB JJ . ''
IN DT NN VBN IN DT NNPS CC NNP NNP , DT NN , WDT VBZ RB CD CD NNP NNS , CC IN CD NN IN DT NNS JJ , VBD `` : IN JJ NN IN PRP VBZ DT NN IN JJR IN $ CD IN NN MD VB JJ CC DT VBP IN $ CD VBZ RB JJ . ''
DT NN VBD VBN NNP CD .
IN JJ NN IN DT NNP NNP NNP NNP , NNP NNS VBD NN IN $ CD , RB CD NNS DT NN .
NNP NNP , NN IN DT NNP NNP NNP , VBZ VBN DT $ CD , CC $ CD CD , NN NN TO VB DT VBG NNP NNS JJ : NNP NNP VBZ CD NN IN NNP .
NNP VBZ VBN DT NN , WDT VBZ NNP CD .
DT NN VBZ NNP NNP CC JJ NNS VBN IN NNP : NNP NNP NNP , NNP NNP : DT NNP NNP NNPS NNP NNP , NNP , NNP , CC NNP NNP NNP NNPS NNP , NNP .
IN JJ NNS , DT NN POS NN VBD PRP VBZ `` NNS RB TO IN NNP NNP POS NN VBZ DT JJ NNS IN JJ NN . ''
DT NN IN NNP NNP VBD PRP VBD RB VBN DT NN POS NN , CC VBD , `` RB NNP NNP VBZ IN PRP$ NNS .
PRP$ NN VBZ TO VB DT CC DT NNS VBN IN $ CD DT NN .
NNP NNP NNP NNP NNPS VBD DT JJ JJ NN VBN RP IN DT NN `` JJ NN '' NN VBZ VBN IN NNP POS NNS IN NNS IN NNP NN CC RB VB DT NN .
NNP NNPS VBD DT NNP CC NNP VBP IN NNP CD TO VB DT NN .
IN DT NN VBZ RB VBN IN RB , PRP VBD , DT NNP MD VB DT NN TO VB DT NN NNS TO NNP NN IN NN TO DT NNS VBN IN NNP NNP NNS IN NNP CC DT NNP NNP .
RB , IN NNP , NNP NNP NNP NNP NNP VBD DT JJ NN VBD DT `` NN IN NNP POS NN IN DT NN IN DT NN NNS TO VB CC VB DT JJ NN . ''
NNP IN DT JJ NN IN DT NNP CC JJ NN NNS IN DT NN POS NN , DT NN IN NNP NNPS VBD DT NN VBD RB VBN IN DT JJ NN NNS `` VBP JJ . ''
DT NNP NN NN VBD TO VB DT NN NN IN DT NNS VBG IN DT JJ NN NNS .
NNP RB VBD DT NN NN WDT VBD VBN IN NNS VBG IN JJ NN VBD TO VB VBN RB IN NNP NNP IN JJ NNS RB TO VB .
DT NN VBD VBN IN DT JJ NN IN NN NNS .
NNP NNPS VBD NN IN DT JJ NN VBD DT JJ NN NN .
`` PRP RB VB IN NNP MD VB IN DT NN POS NN '' IN DT `` NN NN '' RB MD VB VBN , PRP VBD .
RBR , DT JJ NN VBN RP IN DT NNS IN DT NNP NNP IN NNP CC NNP IN NNP VBD IN DT JJ JJ NN NNS VBD NNP NNS .
NNP NNPS VBD DT NNP MD RB VB DT NNS IN NNP CD IN NNP NNP NNS VBP IN NNS IN DT NN TO VB DT JJ NN POS NN .
PRP VBD DT JJ NNS MD VB VBN IN JJ NNS VBP VBN .
NNP NNP
TO VB DT NN , JJ NN , WRB NN NNS , TO VB RB VB , TO IN DT JJ NNS RB : NNP VBZ WP PRP VBP .
: NNP NNP .
NNP
DT NN WP VBZ DT NN VBD PRP$ NN VBZ MD RB VB VBN IN PRP IN NN MD VB PRP$ NNS .
: NNP NNP .
NNP NNP VBD PRP VBD DT NN NN RB VBN TO IN DT NNP NNP NNP NNP , NN NNS CC JJ NN NNS .
DT NN MD VB DT NN VBG NN TO VB PRP$ NN CC NN NNS IN NNS IN NN CC NN .
DT NNP , WDT IN CD VBD $ CD CD IN JJ NN TO NNP POS NNP IN NNP , NNP , NN MD VB TO VB $ CD CD IN JJ NN IN DT NNP NN NN .
IN NN IN DT JJ $ CD CD , DT NNP MD VB JJ NNS VBG PRP TO VB CD NN IN NNP POS JJ NN JJ , RB IN DT CD NN NN DT NNP VBD IN NNS IN DT CD NN NN .
IN NN IN DT $ CD CD PRP VBP VBN , NN NNS MD VB CD CD NNS IN JJ JJ NN CC DT NNS IN DT JJ NNS IN CD NN NNS TO JJ NNS , DT NN VBG NN VBD .
RB IN DT NN , NN NNS MD VB CD CD NNS IN JJ NN IN NN IN $ CD CD IN NNS CC NNS IN NNP POS NN DT JJ NN MD VB CD NNS IN JJ NN IN DT NN IN JJ PRP VBP , DT NN VBD .
NNP NNP POS JJ NN , NNP NNP , IN DT NNP CD NN IN DT NN POS NNP NNP :
VBD PRP JJ IN DT JJ NN VBZ DT NN IN NN NNS , RB RB NNP MD VB DT NN IN NN POS JJ NN .
NNP NNP VBD PRP MD VB DT NN NN TO VB RP TO CD CD IN PRP$ JJ NNS CC DT IN PRP$ $ CD CD IN CD CD NN JJ NNS JJ CD IN DT NN IN JJ NN CC JJ NN NNS .
IN NNS IN DT NN , DT NN NNS NN MD VB $ CD NN NN IN CD CD NN JJ NNS JJ CD CC CD NN IN DT JJ NN .
DT NN VBZ DT NN TO VB CD NNP NN IN $ CD DT NN IN DT NN IN DT JJ CD NNS .
NNP RB VBZ CD CD JJ NNS JJ .
NNP RB VBZ VBG $ CD NN NN IN JJ NNS CC CD JJ NNS IN DT $ CD NN NN IN PRP$ JJ NN JJ .
DT NN VBD PRP MD VB DT NNS IN PRP$ NN IN $ CD DT .
DT NN VBZ RB JJ IN DT JJ NN IN NN CC NN VBG VBN .
NNP VBD PRP VBZ VBG DT NN TO VB PRP$ NN CC NN NN NN .
IN PDT DT NNS CC NNS IN CD CD JJ NNS VBP DT NN , NNP MD VB PRP$ NN IN $ CD CD , CC PRP RB MD VB DT $ CD CD NN IN VBG DT JJ NN , VBD NNP NNP NNP , NN .
`` PRP VBP JJ NN NN TO VB IN , '' PRP VBD .
DT NNS VBP VBN TO VB IN VBG TO JJ NNP .
NNP NNP CC NNP POS JJ NN VBD CD NN , IN NNP NNP NNP VBD DT CD NN NN IN JJ , CC NNP NNP NNP POS NN VBD , CC MD VB VBN IN DT JJ NN DT NN RB .
IN NNP NNP , JJ NN VBD $ CD CD , CC CD NNS DT NN , RB IN $ CD CD , CC CD NNS DT NN , DT NN RB .
JJ NN VBD $ CD CD , RB CD NN IN $ CD CD .
DT NN POS NN IN NN VBD JJR NN IN NNS IN PRP$ JJ NN : DT NN IN CD NN TO $ CD CD IN JJ NN IN VBG JJ NNS .
NNP NN NN VBD CD NN TO $ CD CD IN JJR NN CC JJ NN .
NNP NNP POS NN NN VBD CD NN , RB , TO $ CD CD , IN JJR NN NNS CC NN CC IN JJ NNS IN JJ NNS .
NN VBN IN NN CC NNS VBD CD NN TO $ CD CD .
JJ NN NN VBD CD NN TO $ CD CD .
DT NN RB VBD DT NN IN $ CD CD IN DT JJ NNS CC NN IN PRP$ NNP NNPS NNP NNP NNP NN NN .
NNP NNP VBD JJ IN DT JJ NN VBD NNP CD VBD $ CD CD , CC CD NNS DT NN , IN $ CD CD , CC CD NNS DT NN , IN DT JJ NN .
NNP NN VBD CD NN TO $ CD CD IN $ CD CD .
NN IN NN IN PRP$ JJ NN VBD , DT NNS NN VBD .
NNP NN NN VBD CD NN , IN NN NN VBD CD NN IN DT JJR JJ NN .
NNP NNP VBZ DT NN NN IN NNP , NNP CC NNP , DT NN NN CC NN NN .
IN NNP NNP NNP NNP JJ NN NN , NNP NNP NNS VBD IN $ CD , RB CD NNS .
RB , NNP VBD JJ NN IN DT JJ NN IN $ CD CD , CC CD NNS DT NN , VBG DT `` JJ NN '' IN DT NN POS NN NNS .
JJ NN VBD , CC DT NN VBD PRP VBD RB DT `` JJ NN '' TO JJ NNS .
DT NN RB , JJ IN DT NNP NNP NN NN NN VBD $ CD CD , CC CD NNS DT NN , VBG DT JJ JJ NN IN $ CD CD IN DT NN IN DT NN POS NN IN NNP NNP NNP NNPS NNP .
NNP VBD $ CD CD , VBG JJ NN , RB RB IN $ CD CD .
IN NNP NNP JJ NN NN , NNP VBD IN $ CD , RB CD NNS .
NNP NNP VBD PRP VBD DT NN IN NN NNP NNP TO VB PRP$ NN NN , DT NNP NNP NNP , IN $ CD CD .
NNP IN DT JJ NN VBZ JJ TO NN IN DT JJ NN , NN IN DT NNS IN NNP CC PRP$ NN NN NNP NNP , CC NN IN NNS .
DT NN NN RB VBZ RB VBD DT NN NN : RB .
JJ NNS , NN NNS CC NNS WP VBP IN DT NNS IN NN NNS MD VB NN CC NN NNS WRB NNS NN : DT NNS RB VB RB TO VB PRP$ NNS CC VB DT NNS IN NN IN NNS .
CC JJ JJ NNS VBD NN PRP VBD DT NNS IN JJ NN IN NN WDT MD VB JJ NNS .
`` PRP VBP VBG NN RP IN DT JJ , '' VBD CD NN IN DT JJ CD NN .
`` DT VBZ JJ NN , IN PRP DT NN IN DT NN . ''
VBN DT NN IN DT JJ NN : `` PRP VBD PDT DT JJ NN IN DT NN VBG TO VB WP MD VB -LRB- NNP -RRB- , CC PRP VBZ VBN RB JJ .
RB , RB IN NN , NN , WP VBZ .
WP VBD NNP VBZ DT JJ NNS VBP RB RB RB VBN TO VB DT NN IN NNS .
DT NN IN NNS CC NNS MD RB VB NNS IN VBG DT NN NN IN NN .
CC NNS MD VB IN JJR CC JJR NN .
IN DT CD NN , NNS VBD IN PRP MD VB JJ TO VB NN WRB NN NNS VBD .
DT NNP NNP NNP NNP VBD CD JJ NN NNS : IN DT NNP NNP NN VBZ CD NNS IN DT NN , DT NN MD VB NN IN CD NN : IN DT NN VBZ CD NNS , DT NN MD VB IN DT JJ CD NNS .
DT NN VBZ IN DT NN IN NN MD VB NNS TO VB PRP$ NNS , JJ NNS CC JJ NNS TO VB DT NN IN JJ JJ NN NNS .
PRP VBZ JJ TO VB IN DT NN VBZ JJ .
DT JJ NN IN NN MD RB VB DT NN NN IN VBG IN PRP .
CC EX VBZ RB DT NN IN VBG RP NNS MD VB NNS CC VB DT RB RBR JJ NN IN NNS .
WP VBD NNP VBD DT JJS IN DT NNS .
DT NNS NNS VBD PRP$ JJ JJ NN NNS CC VB RP IN IN CD NN IN CD NNS , IN DT NNP CC NNP POS CD NN NN VBD VBN CD NNS , CC IN CD NNS IN DT NNP NNP NN .
NNP NNS VBD NN IN JJ NNS .
DT NNP NNP NNP NNP , IN PRP$ JJ NNS , VBD JJ .
IN RB RB TO VB , NNS , CC RB NN NNS , VBD PDT PRP$ NN IN DT NNP NNP NNP NNP .
IN NN IN DT NN VBD , NNS VBD RB .
VBD DT NNS CC NNS NNS VBN JJ , JJ NN MD VB VBN VBN CC DT NN , RBS RB , MD VB VBN RBR JJ .
IN NNP , IN JJ NN NNS IN DT NN NNS CC NNP , DT NNS NNS VBN .
NNPS NN , RB , VBD VBN RB IN NNP , IN DT NNS NNS VBD VBN DT JJ CD NNS , WDT VBZ DT JJ NN IN NN NNS .
IN DT NN , DT NNS NNS RB VB RP CC RB RBR VBN DT NNS TO VB VBN IN DT NNP NNP NNP NNP .
PRP VBZ NN TO VB IN DT NNP NNP NNP NNP , DT NNS NNS CC DT NNS NNS , RB RB JJ , VBP RB VB RB RB VBN RB TO VB CD NN RB .
NNS MD VB PRP$ NNS CC VB PRP$ NNS IN DT NN IN PRP .
PRP RB VBZ DT NN IN DT NN TO VB JJ NN NNS .
TO VB JJ NN CC VB NN NN , CC DT NNS MD VB JJ TO NN CC NN .
JJ NN NNS MD RB VBP VBN DT NN IN NNS IN NNP , CC PRP RB MD VB VBN IN NNP , RBR JJ NNS .
PRP VBZ NN IN DT NNS CC DT NNPS CC NNP NNP TO VB IN JJ NNS IN JJ NN CC VBG JJ .
NNP VBZ RB VB CD NN VBD RP IN CD NNS WRB DT NNP VBZ CD NNS CC DT VBN RP IN DT NN IN DT JJ NN .
DT NN IN JJ JJ NN NNS IN NN NNS MD VB IN NNS VBP IN NN IN JJ NN NNS IN DT NNS .
DT JJ NN NNS , IN PRP VBP TO VB VBN IN DT , MD VB IN NNS CC NNS NN VBP RB RB IN DT NNP NNP NNP NNP VBZ JJ .
DT NNS MD VB VBN IN NN IN DT NNS IN DT JJ NNS VBG IN DT NN CC IN DT NN IN DT NN JJ NNS .
NNP DT NNP CC DT NNP NNPS NNP NNP -LRB- WDT , IN DT NNP , VBZ DT NNP NN NNS -RRB- VB JJ TO VB , DT NN MD VB TO VB VBN IN NN IN DT NNP NN .
IN JJ NNS , PRP$ JJ NNS VBP RBR JJ NN TO VB DT NN IN PRP VBD CD NNS RB .
DT NNP NNP NNP NNP RB VBZ DT NN TO VB DT NN IN RB DT CD NNS DT NN .
NNP NN VBZ VBN VBN IN NNS VBG TO VB PRP$ NNS , CC NNS : WP PRP VBP MD VB , IN DT NN IN DT JJ NNS : VBP JJR NN NNS .
-LRB- IN NN , NNS POS NNS RB MD RB VB DT JJ NN IN NN NNS .
VB DT NN IN NN IN DT NNS VBD JJ NNP CC VBD JJ NNP IN IN DT NN IN JJ NNS . -RRB-
CC DT NN IN VBG NN NN VBZ VBN .
NNP NNP , JJ JJ NN IN DT NNP NNP NNP NNP , VBZ DT NN IN NNS IN NNP NNP POS NN NN IN NNP NNP .
DT JJ NN VBZ NN NNS CC NNS IN NNP NNS .
DT `` JJ NN '' : NN NNS : IN DT NNP NNP POS NN TO VB PRP$ JJ NNS IN CD MD VB DT NN `` IN DT VBZ '' IN RB VBN RB , VBZ NNP NNP JJ NN NN NNP NNP .
NNP NNS VBG TO VB IN NNP NN `` JJ NN '' IN NNS IN NNS JJ IN NNP NNP , WDT VBP DT JJ NN NN IN NN NNS , PRP VBZ .
NNP NNP CC NNP NNP VBP NNS RB MD RB IN NN NNS CC JJ NN , WDT VBZ NNS .
JJ NNS VBP RB VBN VBG TO JJ NNS JJ IN NNP CC NNP , WRB NNS VBP JJ CC NNS VBP JJR : NN IN JJ NN CC NNS MD VB RB , NNP VBZ .
NNP , NNP CC NNP VBP JJ `` NNP CD '' NNP : DT NN IN NN NN CC VB IN VBG CC VBG NNS .
NNP NNP NNP VBD RB DT NNP NNP POS NN .
RB VBD DT JJ NN , IN DT NN VBG CD NNS IN DT JJ NN NN , NNP , NNP , DT NNP NN NN .
DT NNS VBD VBN IN DT NN IN DT NNP CD , CD , NN IN DT JJ NN .
IN PRP$ NN IN NN , `` NNP VBD RB VBG DT JJ NN , '' DT NN VBD .
IN DT NN -LRB- `` NNP VBD , NNP , CD CD NNS IN : DT JJ , '' PRP VBD -RRB- , NN VBD .
RBR JJ IN DT NN NN , DT NNS VBD , VBN TO DT NN .
DT NN VBD PRP VBD NNP CC VBN IN CD NN CC IN DT JJ VBD PRP$ NN IN DT NN NN .
DT NN VBD DT NN POS NN IN DT NN , RB , VBG DT JJ JJ IN JJ NN , CC RB JJ IN DT NN WDT VBD IN DT NNS POS NN .
NNP NNP IN VBG IN DT NN IN NNS .
DT NNP IN NNP NNP NNPS NN VBZ VBG NNS IN NNS WDT VBP RB VB JJ NNS .
PRP RB VBZ JJR NN CC JJ NNS , CC VBG NN IN NN , NN CC NNS POS VBG NN NNS .
CC PRP VBZ DT NNP NNP NNP NN IN VBG DT `` JJ NN NN , '' IN `` RB JJ '' : PRP VBZ DT NN MD VB DT JJ JJ NN POS `` UH '' NN .
IN DT JJ IN JJ NNS VBN IN NN NNP NNPS VBP DT `` JJ NN , '' VBG NN IN NN CC NN .
JJ RB VB VBG NNS , NN NN , NN NN CC JJ NN .
RB VB JJ NNS .
NNP NNP NNP NNS IN NNS IN VBN NN , VBG JJ NN RP TO $ CD CC JJ CC JJ NN .
NNP NNP IN NN VBZ JJ IN NNS , VBZ NN NNP NNP IN NNS IN DT CD NNS .
PRP VBZ IN PRP$ JJ CD `` NN NNS . ''
NNP CD NN IN NNS WP VBP PRP$ NNS VBP PRP IN NN , CC RB DT JJ IN DT WP VBP RB VB VBN VBP PRP VBP VBN IN WRB PRP VBP .
VBG RP DT NN : IN CD NNS IN DT NNP NNP IN NNP CC NNP NNP IN CD NNS VBN NNS , VBN CC JJ NNS , VBD NNS , VBD NNS CC NNP , CC VBN NNS IN DT NN POS NNP NN .
DT CD NNS IN NN MD VB DT NN $ CD .
