NAMEper NAMEper PVfin .
NAMEper NAMEper PVfin .
NAMEper PNsf Ntmp ADV NN ADJifin PVfin PSE ADV NAMEloc Pgen VN Pgen NF P VN VADJi NF PVfin PSSb .
ITJ .
ADJ_n PVfin PSSb .
CNJ ADV Ntmp Pgen VN CDdate P PQ Vte VAUXfin NF PVfin PSSb CDdate PVfin PSSa NN Pgen NF ADVwh PVfin PSE .
CDdate PVfin PSE .
CDdate Pfoc Ntmp Pfoc NN Pnom Vfin PSE PQ Vfin PSSb .
NN Pgen Ntmp Pfoc ADJifin PVfin PSE .
ITJ .
ADVdem Vfin PSSa CDdate Pgen NT Nsf Pcnj Pfoc ADVwh PVfin PSE .
NT PVfin PSE .
Vfin .
ADVdgr P CDdate PVfin PSSa Nwh Nsf Vte VAUXfin NF P Vfin PSE PSE .
CDdate PVfin PSSa CDU Pgen VN PSSa NN Pnom CDdate Pgen NT Pgen Vfin .
Vfin .
CDdate Pgen NT Pfoc CDtime P NN Pnom Vte ADV ADV ADVdgr ADJifin NN NN P Vte VAUXfin PSSa ADJifin NF PVfin PSSb .
ADVdem Vfin PSSa CDdate Pgen NT Pfoc ADVwh PVfin PSE .
ITJ .
ADJ_n PVfin .
ADJ_n PVfin PSE .
ITJ .
CNJ ADVdem Vfin PSSa NT Nsf PVfin PSSa NT NT Vfin PSSa NN Nsf P Vfin NF PVfin PSSb .
Ndem Pfoc ADJ_n PVfin PSE .
ITJ .
ADJ_n PVfin .
CDdate Pgen NT Nsf P CDdate Pgen NT NAMEloc VN P Vfin PSSb .
CDdate Pgen NT PVcnd VN Pnom ADJdem NN Pfoc Nwh Pfoc Vfin PSSa .
ADJ_n PVfin .
ADVdem PVfin PSE .
CNJ NN Pgen NF Pfoc CDdate Pgen NT Nsf CDdate Pgen NT NAMEloc VN PQ Vfin NF P Vfin .
ADJdem NN P CNJ NN NF PVfin PSSb PRON Pgen NF Ntmp NN Pacc Vte VAUXfin NF PVfin PSSb CDdate Pgen NT PVfin PSSa CD UNIT Vfin NF PVfin PSE .
Ndem P NAMEorg NAMEorg NAMEorg Vfin NF PVfin PSSb NAMEorg NAMEorg PVfin PSSa NAMEloc Nsf Pnom CDtime Pgen CDtime CDtime Nsf NN Pgen CDtime CDtime NAMEloc Nsf P Vfin .
NAMEorg PVfin PSSa ADV ADVdgr NN Pnom CDtime CDtime CDtime CDtime NAMEloc Nsf NAMEloc Nsf CDtime CDtime P Vfin PSSb NN Pgen NF Pfoc Nwh Pnom NN ADJifin PVfin PSE .
ADVdem PVfin PSE ADV VN VADJi PSSa .
ADJifin NN Pgen CDtime CDtime Nsf PVfin PSE Ndem Pgen NF P Vte VAUXfin PVfin PSE .
CNJ Ndem NAMEorg P Vfin Pnom CDtime CDtime NAMEloc Nsf P NAMEloc Nsf CDtime CDtime Ndem VN VSfin .
CNJ VN NN NF PVfin PSSb NAMEloc Nsf Pfoc CDdate Pgen NT PVfin PSSb NN Pacc Vfin NF Pfoc CDdate Pgen NT P Vfin .
ADVdem Vfin PSSa Ndem Pgen NAMEorg P Vfin NF PVfin PSE .
CNJ Ndem ADJiku NAMEloc P Vfin NF Pnom ADJifin PVfin PSE .
ITJ .
NN P ADV NN Pgen NN Pfoc Vfin PSSa .
VN PQ Vfin NF P Vfin PSSb .
ADVdem PVfin PSE .
ADVdem Vfin PSSa NAMEloc Nsf Pnom CDtime Pcnj CDtime Pcnj NN Vfin PSSb ADV VADJi NF PVfin PSE NN Pgen NF Pnom Vfin PSSa ADJiku Vte Pfoc ADJiku Vfin PQ Vfin NF Pnom CDtime CDtime CDtime CDtime Pcnj CDtime NAMEloc Nsf Pnom Vfin NF PVfin PSSb .
Nwh Pnom ADJifin PVfin PSE .
Vfin NN Pfoc ADJ Nsf PVfin PSE PSE .
ADV NN Pnom NAMEloc Nsf P NN Pnom NAMEloc Pgen NF PVfin PSE .
CNJ NAMEloc Nsf CDtime CDtime Pnom NAMEloc Nsf CDtime .
CNJ ADV CD UNIT Pgen NF Pnom NAMEloc Nsf CDtime CDtime NAMEloc Nsf CDtime P Vfin .
Nwh Pnom ADJifin PVfin PSE .
ADVdem PVfin PSE NAMEloc P Pfoc VN PQ Vfin PSE .
ADVdem PVfin PSE .
Ndem Pgen NF Pnom NN Pfoc ADVdgr NN P Vfin PSSa .
CNJ NAMEloc Nsf CDtime CDtime VN VSte Pfoc ADJifin PVfin PSE .
ITJ .
VN VSfin .
ITJ .
CNJ VN NN Pfoc Ndem Pgen NF P VN VSte VAUXfin .
NN Pgen NF Pacc Vte Pfoc Vfin PSE PSE .
ADVdem PVfin PSE .
NN NF PVfin PSSb .
ADJdem NN NAMEloc Pacc Vte VAUXfin NN NN Pacc Vte Ndem P NN P Vfin PSE NAMEloc PQ Vfin NN Pacc Vfin NF PVfin PSSb Ndem Pgen NF P ADJifin PVfin PSE .
ADJifin PVfin PSE .
NN P NN Pgen PVcnd ADV NN ADJ_n ADJsf NF Pnom Vfin NF PVfin PSE PSE .
ADVdem PVfin PSE NN ADJ_n ADJsf NF P Pfoc ADJifin NF PVfin PSSb NN P ADJifin NF Pfoc Vte ADV NN Pgen NN Pnom ADJifin PSE PQ Vfin PSSb .
ADV VN Pgen NN Pfoc NN P ADJifin PQ ADJ_n PVfin PSE PSE .
PRON Pfoc Ndem P ADVdgr NN ADJifin PVfin .
ADVdem PVfin PSE .
CNJ PVfin PSE NN Pcnj NN Pgen NN Pgen NF NF PVfin PSSb Nwh Pfoc ADJifin PSSa PRON PQ Vte Pfoc NN Pgen NN P Vfin PSE PQ Vte VAUXfin NF PVfin PSSb .
NN Pgen NF P NN Pnom ADJifin NF PVcnd PRON Pfoc NN Pgen NF Pnom ADJifin PVfin PSE .
CNJ NN P Vfin PSE .
ADVdem PVfin PSE .
ADVdem PVfin PSE VN Pgen Ntmp VN Pfoc ADVwh PVfin PSSa NN Vfin PSE .
ADVdem PVfin PSE PSE .
ADV NN Pnom Vfin NF PVfin PSSa ADVdgr NAMEloc Pfoc Vte VADJi PVfin PSE PSE .
PRON ADV NN Pgen NN PQ Vfin NF Pacc Vte VADJi NF PVfin PSSb .
ADJifin PVfin PSE .
PRON Pfoc Vte VADJi PVfin .
CNJ Ndem Vfin PSE .
ADVdem PVfin PSE .
CNJ , Ndem P .
ITJ .
CNJ ADV NN Pcnj NN Pfoc Ndem P Vfin PSSa VN Pnom Vbas PADV PRON Pgen NF P ADV VN VSfin PSSa NAMEper PNsf Pgen NF Pfoc Vbas PADV VN VSte VAUXimp .
ITJ .
Vfin .
VN VSfin .
VN VSfin .
NAMEper NAMEper PVfin .
NAMEper NAMEper PVfin .
GR .
NAMEper PNsf .
GR .
NAMEper PNsf .
Ntmp ADV PSSa Ntmp Pgen NAMEloc VN Pgen NF Pgen VN Pacc Vte VAUXfin PSE .
ADVdem PVfin PSE .
NN Pgen NF ADJ_n PVfin PSE .
ADJ_n PVfin .
ADJ_n PVfin .
CNJ ADV NN P VN VSfin .
ITJ .
Ntmp P NN NF PVfin PSSb .
PRON Pgen NF PVfin PSE PQ ADVdgr NN Pnom Vte ADV CDdate P VADJi PQ Vte VAUXfin NF PVfin PSSb .
NAMEper PNsf Pgen NF Pgen NN Pfoc ADVwh PVfin PSE .
PRON Pgen NF Pfoc CD CDdate Pgen NF P Pfoc VADJi NF PVfin PSSb .
ITJ .
NAMEper PNsf Pgen NF Pnom CDdate Pnom ADJifin PQ Vfin NF PVcnd PRON Pgen NF Pfoc CDdate P Pfoc Vfin PSSa .
CDdate P VN VSfin .
ADVdem VSte VAUXfin PSSa ADJifin PVfin .
PRON Pgen NF Pnom CD UNIT P VN Pnom Vte VAUXfin PSSa .
CDdate Pgen Ntmp Pgen NF PSE ADJdem NAMEloc Nsf CDdate Nsf PQ Vfin PSE NT PVfin PSSa ADJifin NF PVfin PSSb Nwh Pgen NF Pnom ADJifin PVfin PSE PSE .
ADVdem PVfin PSE CDdate P PQ Vfin NF Pnom PRON Pfoc ADJifin PQ Vfin NF PVfin PSSb Vte VAUXfin PVfin PSE .
ITJ .
Vte VAUXfin .
ADJ_n PVfin .
CNJ ADVdem PVfin PSE CNJ CDdate VN PQ Vfin NF P ADV ADJifin PVfin PSE PSE .
Ndem Pnom ADJifin PQ Vfin .
ADVdgr NN Pgen NF P Vte Pfoc Vfin PSSa .
CNJ CDdate P VN VSfin .
CNJ CDdate P VN PQ Vfin PSSa NT P Ndem P Vte VAUXfin NF P Vfin PSSb ADJ_n PVfin PSE .
ITJ .
ADV Vfin .
CNJ CDdate P ADV VN PQ Vfin NF P .
CNJ CDdate CDdate P Ndem P VN VSfin NF P Vfin .
CNJ PRON Ntmp ADV NAMEloc Nsf Pgen NN Pacc ITJ NN Pgen NN Pacc Vte VAUXfin NF PVfin PSSb Ntmp ADV ADV VN VADJi PQ Vte VAUXfin NF PVfin PSSb NT PVfin PSSa PQ CDU NAMEloc Nsf Pgen NN Pnom CDU Vte NAMEorg Pcnj CNJ NAMEorg Pgen NF Pnom Vfin NF PVfin PSSb .
NN Pgen NN Pfoc ADV VADJi NF PVfin PSSb NAMEorg P Vfin PSSa NAMEloc P CDtime Nsf Vfin NF PVfin PSSb NAMEorg PVfin PSSa Ntmp Pgen CDtime Nsf P Vte VAUXfin NF PVfin PSSb ADJdem NF ADV Ntmp Pfoc ADV NF PVfin PSSb .
Nwh Pgen NF Pnom ADVdem ADJifin ADJifin PVfin PSE PSE .
PRON NN P Vfin NF PVfin PSSa .
ITJ .
NN Pfoc ADJiku NAMEloc Pgen NF P VADJi PSE PQ Vfin PSSa
ADVdem PVfin PSE CNJ NN Pgen Ntmp P ADV VN PSSa .
ADJiku Vte VAUXfin NF Pnom .
ITJ .
ITJ .
ADJifin PVfin PSE .
CNJ ADJifin NF P NAMEorg P Vfin .
NN Pnom CDtime CDtime Nsf PVfin .
CNJ NN Pgen NAMEloc Pgen NAMEloc Pgen NF P CDtime CDtime P Vfin .
CNJ Ndem Pgen ADJifin NF P Vfin .
CNJ CNJ NN Pgen NF Pfoc ADV PSSa ADV Ntmp VN VADJi PQ Vte VAUXfin NF PVfin PSSb NN Pnom NT P Ndem P Vte VAUXfin NF P Vfin PSSa NT P NAMEloc Pacc Vfin NF PVfin PSSb .
NT Pgen NF Pnom ADJifin NN Pnom Vte ADVdem PVfin PSE Ntmp CDtime Nsf P NAMEloc Pacc Vte CDtime Nsf P NAMEloc P Vfin NF Pnom CDU Vte Ndem P NAMEloc Pacc ADV CDtime NN P Vte NAMEloc P ADV NT P Vte VAUXfin NF PQ Vfin NF PVfin PSSb NN Pgen NF Pfoc NN VN PQ Vfin NF Pfoc Vfin PVfin PSE .
ADVdem PVfin PSE NAMEloc P ADVdgr Pfoc ADJiku VADJi PQ Vfin PSSa .
ADVdem PVfin PSE PSE .
ADJifin NF Pgen NN P .
ADVdem PVfin PSE .
ITJ .
P ADJifin NF Pgen NN Pnom CDU Vfin NF PVfin PSSb CDU Vfin NF Pfoc NAMEloc P CDdate P NAMEorg Pcnj NAMEorg PQ Vfin Vfin NF PVfin PSSb Ndem ADV PRON ADJteki P NAMEorg Pgen Pnom ADJifin NF PVfin PSSb .
Ndem Pgen NF P ADJifin PVfin PSE PSE .
Ndem P Vfin .
ADVdem PVfin PSE .
CNJ Ndem Pgen NF P VN VSte VAUXfin PQ Vfin NF PVfin PSSb ADV CDtime CDtime P NAMEloc Pacc Vte P NAMEloc Pgen NAMEloc Pgen NF P NT Pgen CDtime P Vfin NF P Vfin .
Ndem P VADJi PQ Vfin .
CNJ ADVtmp Ndem P VN Pgen NF Vte VAUXfin PSSa .
NN Pgen NN Pgen NF VN VSfin .
ITJ .
Vfin .
CNJ , Vfin PQ Vfin PSSa NN P VADJi PQ Vfin NF PVfin PSSb .
ITJ .
NN PQ Vte Pfoc CDU PRON Pfoc Vte VAUXfin NF PVfin PSSb NAMEloc PQ Vfin NN Pcnj NAMEloc PQ Vfin NN Pcnj CNJ NAMEloc PQ Vfin NN Pnom Vfin NF PVfin PSSb .
ITJ .
ITJ .
ITJ .
ADVtmp NN Pcnj NN Nwh P Vfin PSE .
ADJiku VN P NN Pgen NF P ADV NN P Vfin NF P Pfoc ADJifin PSSa .
NN Pgen VN VSfin NF P Vfin PSE ADV PSSa .
ADVdem PVfin PSE .
PRON Pfoc Ndem Pnom ADJifin PQ Vfin .
Ndem PVfin PSSa ADJifin NF PVfin PSSb .
ITJ .
CNJ NAMEloc PQ Vfin NN P Pfoc NN Pnom Vte VADJi PQ Vfin NN P Pfoc NN Pnom Vfin VADJi NF PVfin PSSb PRON ADJteki P Pfoc CDdate P ADV VN P Pfoc Vfin PSE PQ Vfin NN Pfoc Vfin PSSa NAMEloc PQ Vfin NN P ADV VADJi PSE PQ Vfin NF PVfin PSSb ADVwh PVfin PSE .
ADVdem PVfin PSE .
NN Pgen NN PQ Vfin NF Pfoc ADV NN Pgen NF PVfin PQ Vfin ADVdgr ADJifin NF PSSa .
CNJ Ndem P Vfin .
CNJ CNJ NAMEloc PQ Vfin NN P VN PQ Vfin NF P .
ITJ .
VN VSfin .
Ndem NN VN Pcnj Pgen NF Pfoc VN VSte ADJifin PVfin PSE PSE .
ADVdem PVfin PSE NN Pgen NN PVfin PSSa CD CD UNIT PSSa .
ITJ .
ITJ .
PRON Pgen NF P VN Pfoc Vte VAUXfin .
CNJ VN VSfin .
CNJ Ntmp VN Pacc ADVdgr ADJifin PVfin PSSb VSfin PQ Vfin NF PVfin PSSb .
NAMEloc Pgen NF Pnom ADJ_n PVfin PQ Vfin PADV VN VSfin PSSa PRON Pgen NF P ADVdgr ADJifin NN Pacc Vte VAUXfin PSSa .
CNJ Ndem P Vte VAUXfin PSE .
ADV ITJ VN VSfin .
CNJ Ndem ADJdem VN Pgen NF Pfoc PRON Pgen NF P PRON Pgen NF P ADJiku Vte VAUXfin PSSa ADV ITJ Ntmp CDdate P NN Vfin PSSa ADV Ntmp NN Pnom Vfin NN P VN VSfin PSE .
ADVdem PVfin PSE .
CNJ VN VSte VADJi PQ Vfin .
CNJ Ntmp Pfoc Vfin NF P .
CNJ GR .
ITJ .
ADJiku Vfin .
NAMEper NAMEper PVfin .
NAMEper NAMEper PVfin .
NAMEper PNsf Ntmp Pgen VN Pgen NF NF PVfin PSSb NN PRON Pgen NF P CDdate CDdate CDdate P ADV ADJ_n Vte Pfoc VAUXfin NF PVfin PSSb CDdate Pgen CDdate P VN VSfin .
ITJ .
CNJ CDdate Pgen CDdate P VN VSfin PQ Vfin NN P ADVwh PVfin PSE .
Vte VAUXfin PSE .
CDdate Pgen CDdate P Pfoc CDdate P VN VSfin CDdate P Pgen NT P .
ITJ .
PQ Vfin NF Pfoc ADVwh PVfin PSE .
Ndem P Pfoc VADJi PSSa VN VSfin .
Ndem PVcnd Nwh Nsf Vte VAUXfin NF P Vfin NF PVfin PSE .
NT P Vte VAUXfin PSSa CDdate Pgen CDdate P VN VSfin .
ITJ .
CNJ NN NN Pgen NN NF PVfin PSSb NT PVfin PSSa CDU NN Pnom Vte NAMEorg CD CD UNIT PQ Vfin NF Pnom CDtime CDtime CDtime P Vte NAMEloc Pgen NF P CDtime CDtime P Vte .
ITJ .
NAMEorg CD CD UNIT PQ Vfin NF Pfoc NAMEloc Pacc CDtime CDtime P Vte NAMEloc Pgen NF P CDtime CDtime CDtime P Vfin NF PVfin PSSb .
ITJ .
VN VSfin NN Pfoc CDtime Nsf P VADJi PSSa .
PRON Pgen NF Pfoc Vfin NF PVfin PSSb NAMEorg Pgen NF Pnom Vfin PSSa .
ADV NAMEorg Pgen NF P VADJi PQ Vfin NF PVfin PSSb .
NAMEper PNsf ADVwh PVfin PSE .
PRON Pfoc NN Pnom PVfin PSE NAMEloc Nsf Pnom Vfin NF Pnom ADJifin PSSa NAMEorg Pgen Pnom ADJifin PQ Vfin .
ITJ .
ITJ .
CNJ NAMEloc Pacc CDtime CDtime P VN VSfin NAMEorg Pgen NN P Vfin .
ITJ .
NAMEloc Pgen NF P Pfoc CDtime CDtime P Vfin .
CNJ CDtime .
ITJ .
CNJ NN Pgen NF Pgen NN Pgen NF Pfoc .
ITJ .
Vte VADJi PQ Vfin NF PVfin PSSb .
ITJ .
NT P NAMEloc Pgen NF Pacc VN VSfin PSSa Ndem Pgen NF Pfoc NAMEorg CD UNIT PQ Vfin NF Pnom NAMEloc Pacc CDtime P Vte CNJ ADV CDU NAMEorg CD UNIT PQ Vfin NF Pfoc NAMEloc Pgen NF CDtime CDtime P VN VSfin NF PVfin PSSb PRON Pgen NN PQ Vte Pfoc NAMEloc Pgen NF P ADV ADJiku VN VADJi PSE PQ Vfin PSSa .
CD UNIT Pgen NF P NAMEloc Pacc CDtime CDtime P Vfin PQ Vfin NF P VADJi PQ Pfoc Vfin NF PVfin PSSb ADVwh PVfin PSE .
ADVdem PVfin PSE ADJifin NN NAMEloc P VN PRON Pfoc VADJi PSSa .
Ndem P Vfin .
ITJ .
CNJ NAMEloc Pacc CDtime CDtime P VN NT Pgen CDtime CDtime P VN VSte Vte VAUXfin NF Pfoc Ntmp NN Pnom Vfin PSSa Ntmp Pgen CDtime PVfin PSE NAMEloc .
ITJ .
ADVdem PVfin PSE .
ITJ .
P NAMEloc P Vte VAUXfin .
ITJ .
VN NF PVfin PSSb .
ITJ .
CDtime CDtime P Vfin PQ Vfin NF NF PVfin Pnom CDtime CDtime PVfin PSSa Ntmp ADJifin PVfin PSE PSE .
ITJ .
ITJ .
ITJ .
ITJ .
ADVdem Vfin PSSa NN Pgen NF NF PVfin PSSb .
NN P ADJifin NF Pnom VN VADJi PQ Vfin PSSa .
ITJ .
ITJ .
ITJ .
ITJ .
ADVdem PVfin PSE .
NN P ADJifin NN Pfoc CDU Vfin .
ITJ .
ITJ .
CNJ CDU Nsf ADVdgr NN Pnom ADJifin NF PVfin PSSb .
ITJ .
ITJ .
CDU Pfoc NN Pnom Vte VAUXte ADV CDU Pfoc NN Pnom Vte VAUXfin .
ITJ .
ITJ .
Ndem Nsf P NN Pnom ADJifin NF PVfin PSSb .
ITJ .
Nwh Pgen NF Pnom ADJifin PVfin PSE PSE .
ADVdem PVfin PSE PRON Pfoc ADV Vte VAUXfin PSSa .
ITJ .
NN Pnom Vte VAUXfin NF Pnom ADJifin PSE PQ Vfin PSSa .
PRON Pfoc NN Pgen NF Pnom ADJifin PQ Vte VAUXfin PSSa .
ITJ .
CNJ NN Pgen Vfin NAMEloc PQ Vfin NN P VN VSte VAUXfin .
VN VSfin .
NN Pgen NF Pfoc .
NN Pgen NF NF PVfin PSSb .
NN Pnom CD CD UNIT NN Pnom CD CD UNIT .
NN Pgen NF Pnom ADJifin PVfin PSE .
ADVdem PVfin PSE ADV VADJi PQ Vfin NN P VADJi PQ Vfin PSSa .
NN Pgen NF P Vfin .
Vfin .
CNJ NN Pgen NF P VN Pacc Vte VAUXfin .
ITJ .
CNJ CDU Nsf Pfoc VN VSfin PQ Vfin PSSa ADV NAMEloc PQ Vfin NN Pnom ADJifin PQ Vfin PSSa ADV NAMEper PNsf PSSa ADV P ADV NN Pgen NN Pfoc Vfin PSE PQ Vfin PSSa NN Pgen ADJifin NN Pacc ADV NN Pgen NN P Vte VAUXfin PSSa .
Ndem Pgen NF P Vfin .
ADV VN VSfin .
ITJ .
CNJ NN P Vte VAUXfin PSSa .
ADV ADJdem Ntmp Pfoc ADJiku VN VSfin .
ITJ .
Ndem .
ADJiku VN VSfin .
ITJ .
ITJ .
ITJ .
NAMEper NAMEper PVfin .
NAMEper NAMEper PVfin .
NAMEper PNsf GR .
GR .
Ntmp Pfoc PVfin PSE VN Pgen NF P VN Pnom Vte Pfoc Vfin NF PVfin PSSb .
ITJ .
ITJ .
ITJ .
VN Pfoc NAMEloc Pgen NAMEloc PQ Vfin NF P .
ITJ .
ADVdem PVfin PSE .
ITJ .
NN Pgen NF P VADJi PQ Vfin PSSb .
ITJ .
ITJ .
PRON Pgen NF PVfin PSE CDdate P .
ITJ .
ITJ .
ITJ .
ITJ .
CDdate P PVfin PSE NN Pnom ADJifin PQ Vfin .
CNJ ADVwh PVfin PSE .
ITJ .
ADVdem PVfin .
ADVdem .
PRON Pfoc CDdate Pgen CDdate P Vte VAUXfin PSSb .
ADVdem PVfin PSE .
ITJ .
CDdate Pgen CDdate PVfin PSSa CDdate Pgen CDdate P Vte VAUXfin NF Pnom PVfin PSE NT P Vte .
ITJ .
ADVdem PVfin PSE .
ADVdem PVfin PSE .
ITJ .
ITJ .
ADJ_n PVfin .
CDU Nsf PQ Vfin NF P .
CNJ NN Pgen NF VADJi PQ Vfin PSSb .
ITJ .
ITJ .
ITJ .
CDdate NT Nsf CD UNIT Vte NAMEorg Pcnj NAMEorg Pcnj NAMEorg Pnom Vte .
ITJ .
ITJ .
ITJ .
ITJ .
ITJ .
CNJ NAMEloc Nsf NAMEorg Pcnj NAMEorg Pnom CDtime Nsf P P NAMEorg Pnom CDtime CDtime Nsf NF PVfin PSE .
ITJ .
ITJ .
PRON Pfoc ADV Ntmp Pfoc ADJ_n PSSa ADV ADJifin NF Pnom ADJifin NF PVfin PSSb .
ITJ .
ADVdem PVfin PSE .
ITJ .
NAMEorg Pnom CNJ CDtime CDtime Nsf PSSa .
Ndem P Vfin PSE .
ITJ .
ITJ .
VN VSfin .
Vfin NF Pfoc CDtime CDtime PQ Vfin NF P .
ADJiku VN VSfin .
ITJ .
ITJ .
VN VSfin .
CNJ NN Pgen NN Pfoc ADV P Vte VADJi PQ Vfin .
ITJ .
NT CDdate PQ Vfin NF P P NN Vfin .
ITJ .
ITJ .
CDtime P VN VSte CDtime CDtime P NAMEloc VN PQ Vfin NF Pcnj CDtime CDtime CDtime NT CDtime CDtime P VN VSte CDtime CDtime PVfin PSE P VN VSfin PSSa .
ITJ .
ITJ .
ITJ .
ITJ .
ITJ .
ADV NAMEloc P Pfoc Vte VAUXfin NF Pnom ADJifin PVfin PSE PSE .
ADVdem PVfin PSE .
PRON Pfoc ADVdgr Pfoc ADJiku VN ADJifin PSE PQ Vfin PSSa .
NAMEloc Pacc VN VSfin NF Pnom Ntmp Pgen Ntmp Pgen NT PQ Vfin NF P .
NT Pgen CDtime CDtime P VN PQ Vfin NF P .
ADJifin PVfin PSE .
ITJ .
ITJ .
ITJ .
ITJ .
ITJ .
ADVdem Vfin .
ITJ .
ITJ NN Pgen NF Pfoc ADVwh VSfin .
NN Pfoc PVfin PSE VN VSfin NF Pnom CDtime CDtime PQ Vfin NF P .
ADJifin PSSa NN P ADJifin NF Pnom ADJifin NF P Pfoc ADJifin PVfin PSE .
ITJ .
ADVdem PVfin PSE .
ITJ Ndem P ADV Vfin NF PVfin PSSb .
NN NN P ADVdgr ADJifin PQ Vfin PSSa NAMEloc Pnom ADJifin PSE PQ Vfin PSSb .
ITJ .
ITJ .
ITJ NN Pgen NF Pfoc Pcnj NN PVfin PSSa CD CD UNIT P ADJ_n PVfin PSE PQ Vfin PSSb .
ADVdem PVfin PSE .
ITJ .
CNJ Ndem P Vfin .
ITJ .
CNJ NN Pgen NF Pfoc NN Pcnj NN Nwh P Vfin PSE .
ITJ .
NN P ADJifin PVfin .
ITJ .
CNJ NAMEloc Pgen NN P CNJ VN VSte VAUXfin PSE .
ITJ .
ITJ .
VN VSfin .
VN VSfin .
CNJ PVfin PSE CDdate Pacc Vte VADJi PQ Vte VAUXfin Pnom ADJifin P Pfoc ADJifin PVfin PSE .
ITJ .
ITJ .
ADVdem PVfin PSE .
CNJ Ndem Pfoc ADJ_n PQ Vfin PVfin PQ Vfin PSSa .
VN Pgen NF Pfoc PVfin PSE Ntmp ADJifin NN P Pfoc NN Pacc Vte VAUXfin VN VSte Vte VAUXfin NF P Pfoc ADJifin NF PVfin PSE PSE .
ITJ .
ITJ .
ITJ .
ITJ .
ITJ .
ADVdem PVfin PSE .
ADJifin NN Nsf Pfoc ADVwh PVfin PSE PSE .
ADVdem PVfin PSE .
CNJ Ndem Pgen NF P NN Pcnj CNJ NN Pnom ADJ_n ADJsf NN Nsf Pacc VN VSte VAUXfin PSSa .
ITJ .
ITJ .
CNJ ADJiku VN VSfin .
VN VSfin .
CNJ Ntmp Pfoc PRON PRON Vte VAUXfin PSSa .
ITJ .
ITJ .
ADJiku Vfin .
NN P VN VSfin .
ITJ .
NAMEper NAMEper PVfin .
NAMEper NAMEper PVfin .
NAMEper PNsf ADV NN ADJifin PVfin PSE .
ITJ .
VN Pgen NF VN VSfin PSE .
ADVdem PVfin PSE .
Vte VAUXfin .
ITJ .
ADVtmp NN Pgen NF NF PVfin PSSb ADVwh PVfin PSE .
PRON Pgen NF Pfoc CDdate Pgen CDdate P Vte VAUXfin PSSb .
PRON Pfoc Ndem Pnom NN Pnom ADJifin PVfin .
ADVdem PVfin PSE .
ITJ .
