An Nc
Nc Vpi Nc
R Nc Cp Af Nc Punct
Nc Nc R Nc Punct Np Cp Nc Punct
Nc Punct
Nc R Nc Punct
Nc R Nc Punct
Cp Am Nc R Nc Punct
Cp Np Punct Np Punct
Cp Am Nc Cp Nc R Af Nc Cp R An Nc Punct
Vni Nc Punct Pr Vxi Vpi Tx Vpp Punct
Vni Nc Punct Pr Vxi Vpi Tx Vpp Punct
Dd Nc Vpi Nc Punct R Pr Tn Vpi Tx Vpp Pn Punct
Cs Vpp Nc Np Punct Tx Vpp Nc Punct
Cs Vpp Nc Np Punct Tx Vpp Nc Punct
Cs Nc R Nc Punct Tx Pp R Nc R Nc R Nc Punct R Nc Punct R Nc Punct Te R Nc R Nc Punct Pr Pp Vpp Nc Punct
Nc Dd Pf Punct Pp Punct
Pi Punct
Pc Nc Vpi Nc Punct
Pd Vxi Vpp R Nc Punct Pp Vxi Am Nc Cp Vni Tx Vpp Nc R Ps Nc Punct
Nc Pp R Nc Punct Np Punct Np Cp Am Nc Punct
Nc Nc Vxi Nc Punct
Cc Pd Tn Vpi Tx Vxi Pc Punct
Nc Vni Tx Vyp Vpp Punct Tx Vyp Af Punct
Pp Vpi R Nc Vpi Cp Vpi Nc R Nc Punct
Vni Nc Cp Vpi Nc Punct R Pr Tx Vpi Tx Pp Punct
Nc Punct R Mc Nc Nc R Nc Punct
Cp Mc Nc Punct Pc Nc Vpi Nc Punct
Nc Vpp Nc Cp Am Nc R Mc Nc Punct
Nc Nc Punct Np Punct Np Punct Np Punct Np Cp Nc R Nc Punct
Nc Tn Vxi Punct Np Punct
R Nc Punct Cp Vpi Dt Tx Vpp R Nc Cp Nc Punct
Vni Tx Vpp Nc Nc Punct Tx Vpp Pc A Punct Np Punct
Cp Cs Pp Vpp Punct Tx Pp Vpp R Dq Nc A Punct R Dq Nc A Punct
Nc Pp Vpp Nc Punct
Tx Vpp Cp Am Nc R Nc Nc Punct Tx Vpp Nc Ps Nc Punct Cc Tx Vpi Tx Pp Vpi Dt Cp Dt Punct
Tx Vpp Nc R Nc Punct Cs Vpp Nc Ps Punct
Cp Tx Vpi Nc A Nc R Nc An Punct
Tx Pp Vpp R Nc Vpi Cp Tx Pp Vpp R An Nc Punct
R Pd Nc Pp Tx Vpi Tx Pp Vpp R Nc Cp Nc Punct
Cc R Nc Vni Tx Vpp R Nc Ps Nc Punct
Nc Vxi Punct
Nc Vni Tx Vpp Punct
Nc Dl Punct Pp Vpp Nc R Nc Cp Np Punct
Punct Tx Vyp Nc Punct
Cp Am Nc Punct
Mc Nc Tx Vpp Np R Nc Mo Nc Punct Pr Nc Tx Vyp Vpp Punct
Pd Vpi Nc R A Nc Punct Vpp R Nc Dt Punct
Nc R Nc Te Tx Vpp Nc R Nc Cp Np Punct
Nc Pp Vpi Tx Vpi Cp Np Punct
Nc Vpi Nc R Nc
R Nc R Nc Cp Np Pp Vpi Tx Vpi R Nc R Nc R Nc R A A Nc Punct
R Nc Nc R Nc R Punct Np Punct Vpi Nc Punct
Pp Dd Vni Nc Tx Vpi R Nc Ps Nc Cp R Pd Pp Punct Np Punct
Hm Te Vpi Nc Tx Vxi Vpp R Mc Nc Punct
Cp Nc Punct Cp Nc Tx Vpi Nc R Mc Nc R Nc R Nc Dt Punct
Nc Vpi R Mc Punct Mc Nc R Punct
Nc Ps Am Nc Vpp R Mc Punct Mc Nc R Nc R Nc Pp Vpp Nc Punct
Nc R Nc Punct Np Punct Np Cp Nc Punct
R Nc Tn Vxi Dq R A Nc R Nc Nc Punct
Nc Vxi R Nc Punct Cs Vpi Pp Vpi Cp Vpi Tx Vpp Pc Nc Punct Pr Vxi Nc Punct Vpp R Punct Np Punct Np R Mc Nc Punct
Punct Vpi Pf Nc R Nc R Nc Punct
Np Pp Vpp R Nc R Np
Am Nc Pp Vpp Nc R Nc R Nc R Nc Punct Np R Mc Punct Mc R Ps Punct
Punct Vpi Nc Punct Punct
Punct R Nc Vpi Af Nc Punct Cs Pp Vpp R Pc Nc Tx Pp Dd R Mc Punct
Nc Vxi R Nc R Punct Np Punct Am Nc Cp Hm Punct
R Nc Pp Vpi Nc Punct Cs Tn Vxi Vpp R Punct Np Punct Punct
Vpi Punct Cs Pp Vpp Punct Cs Pp Vpp R Nc Punct
Vpi Punct Cs Nc R Nc R Nc R Nc Nc Cp Np
Punct Vpp Nc Punct
Nc Punct Pr Vpp Mo Ps Nc R Np Punct Vxi Nc Punct
Nc Vxi R Nc Punct Cc Tn Vpi Dm Punct Cs Vxi Vpp Punct
R Pp Vpi Nc Pi Pp Vpp R Nc Punct
Nc Vxi Tx Pp Punct Pd Nc Nc Punct
R Np Hm Punct Cs Vpi Nc R Nc R Nc R Mc Nc Punct Cc Dq Vni Pn An Punct
Punct Np Pp Vpp R Mc Nc R Mc Nc R Np Cp Dt Vxi Nc Punct
Hm Vpi R Np Nc R Nc
Nc Tx Vpp R Am Nc Tx Vpp R Af Nc R Mc Nc R Nc Ps Punct
Nc Vxi Tx Tn Pp Vpp Nc Ps R A Punct Np R Pp Vpp Nc Punct
Pd Vpp Nc Hm R Mc Nc R Mo Nc R Nc R Mc Nc R Af Nc Punct Np Punct Punct Pr Pp Vpp R Np Dt Punct
Np Vpi Cp R Nc R Am Nc Punct Nc R Nc R Np R Nc Punct
R Pp Pc Nc Vpi Pp Vpi Nc R Ps Nc Punct Vpp Dq Hm Punct
Nc R Nc R Np Vxi Np Punct Np Punct Np Punct Np Punct Np Cp Np Punct
Nc R Pp Vpp Nc Vpi R Nc
Nc R Nc R Np Vpp R Mc Nc Dt Punct Cs Vpp Nc R Nc Vpi R Nc Punct Np Hm Punct Punct Vpp Np Punct
Vpi Pp Vpp R Nc R A Nc Tx Vpp R Nc Cp R Pp Punct Vpi Ps Nc Punct
Nc R Nc Vxi Vpp R Nc R A Nc R Nc Vpi Nc Punct Pr Vpi Punct Cs Nc R Nc R Np Vxi Vpp R Nc Nc Punct
Nc R Nc Cp Nc R Nc Vxi Pp Punct Np Punct Cc Nc Pp Vpp R Nc R Nc Punct Cs Pd Cp Af Nc R Np Pp Vpi Nc R Mc Nc Punct
Nc R Nc R Np Hm Vpp Dt Punct Cs Vpi Nc R Nc R Nc Cp Cs R Nc Vxi Vpp Md Am Nc Punct
R Pp Vpp Nc R R Nc Nc R Nc Vxi Dq A Cp Np Vxi Vpp Pp Tx Vpp R Mc Nc Punct
Tn Vxi Af Nc Cp Tn Vpi A Nc Punct Vpp Nc Np Hm R Nc Ps Nc R Nc R Np Punct
Nc R Ps Nc R A Nc Vxi Tx Vpi Nc R Pp R Nc R Nc Punct
Nc R Nc Vxi Vpp R Pd Tx Vxi Nc Punct Np Cp Nc R A Nc R Nc Pp Tx Vpi R Nc Punct
R Tx Vpi R Np Punct Hm Pp Vpp Cp R Np Punct Am Nc Cp Np Punct
R Nc Vni Tx Vpp Nc Nc R Nc Punct
R Pd Nc Pp Vpp Np Punct Nc Cp Nc Hm Punct
Nc Dd Vxi Vpp R Nc Punct
Nc Pp Vpi Nc R Nc Punct Pr Vpi Nc R Nc Punct Vpp Dq Hm Punct
Nc Nc Tx Vpi Punct
Nc R Nc Pp Vpp Punct Cs Vxi Nc
Nc Punct Pi Vxi Vxi Nc R Af Af Nc Punct Vpp R Nc Dt Punct
Pd Af Nc R Nc R Nc Np Tx Vpp Nc Nc R An Nc Punct
R Mc R Nc R Nc Pp Pp Vpp Punct Cs Tn Vxi Vxi Nc Punct R Tx Vpp Punct Np Hm Punct
Pd Vxi Np Punct Np Punct Mc Nc Punct Np Cp Np Punct
Nc R Nc Cp Nc R Nc R Np Vxi Vpp R Am Am Nc Vpi R Mc Nc R Nc R Nc R Nc Punct
Pd Nc R Mc Nc Vpi R Nc R Mc Nc Punct Pr Nc Tn Vxi Vpp Punct
Pd Nc R Nc Punct Np Punct
Vpp Pp Vpp R Nc Tx Vpp Nc R Nc R An Nc Cp Np Punct
R Nc R Np Hm Vpp Nc R Nc Punct
Np Punct Np Punct
Vpp Pp Punct Cs Mc Nc R Np Punct Np Punct R Nc Punct Pr Pp Vpp R Np Hm Punct
Nc R Nc R Mc Pn Tn Vpi Tx Vpi Punct
Cs Pp Vpi Punct Cs Pp Vni Tx Pp Vpp R Pp Punct Md Pp Vpp Punct Vpp Nc R Nc R Punct Np Punct Mc Punct Pr Pp Vpp Pi Pp Vxi Nc Punct
Pp Vpp Nc R Hm Punct Cs Vpp Nc R Nc Punct Vxi Nc R A Nc Punct Cp Nc Ps R Nc R Nc R Nc Vxi Vpp Punct
R Nc R Nc Vpi Pp Vpp Punct Cs Mc Nc R Nc Nc R Nc Cp Vpi Tx Pp Vpi Pi Pi Vxi Vpi Punct
Nc Nc R Nc
Nc R Nc R Punct Np Punct Np Vxi Nc R Nc R Nc R Np Punct Vpp Nc Nc Vpp Dt Punct
Nc Nc Vxi Cp A Nc R Mc Nc Punct
Nc Dd Tn Vpi Tx Pp Vpp Punct Cs Nc R Nc Vxi R Nc Punct Cs Pp Vpi Nc R Nc R Nc Punct
Vpp Nc R Nc R Nc Ps R Nc Punct Cs Vxi Cp Af Nc Punct
Pp Dd Vpi Nc Vpp Nc R Nc Punct
R Pf Nc Punct Np Punct Vpp Mc Nc A Nc R Nc Np Punct
Np Pp Vpp R Nc
R Nc R Nc R Nc Punct Vpp Pp R Nc Nc Cp Nc Punct Np Punct Vpp R Nc Punct
R Nc Nc Punct Nc R Nc Nc Punct Pp Vpp R Nc Punct
Nc Vpi R Nc Cp Nc R Nc Punct
Pd Dd Vxi Nc Tx Pp Vpp Nc Punct Pr Vpi Nc R Nc Np Punct
Mc Nc Cp Nc Vxi R Nc Nc Cp Am Nc Punct
R Nc Vxi Vpp Am Nc Vpi R Nc Punct
Vpp Pp Vpp Dd R Nc Punct
Vpi Tx Tn Pp Vpp R Nc R Punct
Nc R Nc R Np Vpp Nc Dt Punct
Cs Nc R Nc R Nc Cp A Nc Nc R Nc Hm Punct Pd Af Nc R A Nc Cp Nc R Mc Nc Punct Cs Pp R Nc Vpi Ti Punct Np Punct
Pp Vpp R A Nc Vxi Vpp Nc R A Ps Nc Punct Dt Vxi Af Nc Punct
R Pp Pp Vpi Nc Punct Cc Pp Vpi Punct Pr Pf Vyp Vpp Punct
Dq Nc Vxi Dd Punct Pr Vpi Pp Vpp R Nc Punct Cs Tn Vpi R Nc Punct
Pi Pd Ps Nc R Nc Tx Vpp Nc Nc Punct
Dt Punct Dd Vxi Vpi Tx Vpp Nc R Nc Ps Punct Np Vpp Nc Punct
Nc Punct Np Te Tx Vxi Vxi Nc R Nc R Nc Punct
Pd Nc Tn Vxi Nc R Nc Punct
Nc Cp An Punct Np Tn Pp Vxi Nc R Nc R Nc R Np Punct
Punct Np Vpi Pp Vpi Cp An Nc R Nc Punct
Nc Nc
Nc Ps Nc Punct Vpi Ti Nc Punct
Nc Punct Mc Nc Punct Punct Nc Punct Np Punct
Punct Vpp Pp Tx Pp Vpi Pp Vpi Cp Tx Tn Pp Vpi Md R Nc Ps Punct
R Nc Punct Mc Nc Punct Punct Np Punct Np Punct
Punct Np Punct
Cc Pr Pp Vpp Punct Tx Pp Vpp Dq Punct
Pd Dt Vpi R Nc R Pc Punct
Nc Punct Mc Nc Punct Punct Np Punct Np Punct
Punct Vpp Pp Vpp R Nc R Nc Nc Punct
Nc Pp R Mc Nc Tx Vpp Punct Cs Pp Vpp Punct Cp R Pd Vxi A Nc Punct
Nc Punct Mc Nc Punct Punct Np Punct Np Punct
Cc Cs Vpp Nc Punct Vxi Nc Punct
Vpi Punct Cs Pd Nc Tx Pp Vpp Tx Pp Vpp Pi Tx Vpp Nc Punct
R Nc Punct Mc Nc Punct Punct Np Punct Np Punct
Punct Np Punct Np Punct
Cc Nc Punct Cs Pp Vpp R Nc Punct Vxi Md Am Punct Cs Pd Vpi Nc R Mc Nc Punct
Nc Punct Mc Nc Punct Punct Np Punct Np Punct
Punct Tn Punct
Cc Cs Vpp Pd Nc Punct Vxi Nc Punct
Cs Pp Vpp Dd R Nc Nc Punct Vxi Vpp Tx Vpp Dt Punct
Nc Punct Mc Nc Punct Punct Np Punct Np Punct
Punct Cs Pp Punct Cc R Nc R Mc Nc Tn Vxi Md Punct
Vpi Pp Dd Tx Vpi Nc R Pd R Mc Nc Punct
Nc Punct Mc Nc Punct Punct Np Punct Np Punct
Punct Np Punct Np Punct
Vpi Tx Tn Vpi Md Nc Punct Cs Tn Vpi Md Punct
R Nc Punct Mc Nc Punct Punct Np Punct Np Punct
Punct Vpi Pp Punct
Nc Nc Dd Vxi Vpp Nc Ps Nc R Nc Punct Cs Dm Tx Vxi R Nc Ti Vpi Nc Cp Tn Punct
Nc Punct Mc Nc Punct Punct Nc Punct Np Punct
Punct R Nc Tn Vpi Md Nc Punct
R Nc Nc Tn Vxi Vpp Punct Cc Tn Vxi Nc R Pd Pf Punct
Np
Nc R Nc Nc Punct
R Af Nc Vpi Nc Punct Np Cp An Nc R Nc Punct
Pd Pp Vpi R Mc Nc R Am Nc R Nc R Mo Nc Punct Vpp R Np Punct
R Nc Af Nc Vpp Nc R Mc Nc Punct R Pr Pp Vpi Nc R Nc R Mc Nc R Nc Punct Pr Vni Tx Vpp R Nc R Mo Nc Punct
Af Nc R Pd Nc Vpi Dd R Nc Punct Vpi Nc R Nc Punct
Hm Vpp R Mc Nc R Np
Punct Np Vpi R Nc R Nc Np R Mc Nc R Nc Np Punct
Pd Vpp Nc Nc Vpi R Nc R Dm A Nc R Mc Nc R Nc R Nc Vpi Nc Punct
Nc Vpp Nc R Mc Nc R Nc Dt R Mc Nc Punct Pr Vpi R Mc Nc R Nc Punct Tx Vpp Pi Tn Vxi Vpp R Nc Punct Pr Vpp R Nc R Nc Punct
Nc Tx Pp Vpp Nc R Nc Cp Nc Vxi Vpp Pd Nc Tx Vpp Punct Cs Tx Vpp Nc R Nc R Nc R Nc
Punct Vpp Nc Nc Punct
Nc Nc R Np Tx Vyp Vpp R Nc Cp R Nc Punct Vpp R Nc Punct
Nc R Pp Vpi R Mc Nc R Nc R Nc Punct
Punct Np Punct Np Punct Punct Np Punct R Nc R Punct Np Punct
Np Punct Punct Np Punct Vxi Vpp Nc R Nc R Nc R Nc R Np Punct Vpp Nc Punct Punct Vpp Dm R Mc Nc Punct
Mo Nc Vxi Am Nc Punct Mc Nc Punct R Mc Nc Punct
Nc Vxi Vpp Pd Nc Vpi Nc R Punct Np Punct Punct
Am Nc R Punct Np Punct Np Vpp Nc R Np Dq Md Punct Np Punct Np Punct Tx Vxi Nc R Mo Nc Punct
Nc R Np Cp Np Punct Vpp R Nc R Punct Np Punct Np Punct Np Punct Punct Np Punct Punct
Nc Dq Ti Vpi Tx Pp Vpp
Punct Tn Vpp Nc Ps Nc Punct
Punct Np Vxi Tx Tn Pp Vpp Nc R Nc Punct Pr Vpp R Nc R Punct Np Punct Punct
Dq Dt R Pd Nc R Nc Vpi Nc Punct
Punct Vpp Pp Punct
Nc Nc
Punct Vpp Vxi Vpp Nc R Np Punct Np Punct
Punct Vpi Tx Pp Vpp A Nc Punct
R Am Nc Vxi Am Nc R Punct Np Punct Np Punct Pr Vpp R Nc R Nc Nc Punct Np Punct Punct
R Nc Pp Vpp R Nc R Nc Punct
Punct Np Hm Punct Vpi Ti Vxi R Nc Punct
Punct Np Punct
Nc Pc Nc Punct Cs R A Nc R Np Punct
Punct Mc Nc Vxi Np Punct Punct Np Punct Punct
Nc R Mc Nc Vxi Nc R Pp Punct
Punct Np Punct Vxi Nc R Punct Np Punct Punct
Punct Np R Nc Pp Vpi R Af Nc R Nc R Pp Punct
Punct Pp Tx Pp Vxi Nc Punct
Punct Cs Pp Vpp Punct Cs R Nc Tx Vpi Am Nc R Np Punct
Punct Vni Tx Vpi Nc Punct Cs Dt Pp Vpp R Nc Punct
Punct Nc R Mc Nc Vpp R Nc R Np Punct
Pd Vpi Ti Punct Cs Tx Vpi Cp Am Nc R Np Punct
Nc Vxi Vpp Punct Cs Nc Vni Tx Vxi Vpp R A Nc Punct Tx Vpi Punct
Pd Vni Pn An R Nc Punct Pr Vpi Np Punct
Punct Pi Tx Pp Vpi Pd Nc Punct
Punct Np Vxi Tx Vpi Nc Tn Dd R Mc Nc Punct Cp Cp R Af Nc Punct
Mc Nc R Np Vpi Nc
Mc Nc R Am Nc R Np R Nc Tx Pp Vpp Pp Vpp Nc R Nc R Nc Cp Nc Punct
R Nc R Np Vpp Nc Cp Nc Tx Vpp R Nc Punct
Pd Nc Pp Vpi Cp Nc R Punct Np Punct Punct Pr R Nc Vpp Nc Ps R Punct Np Punct Punct Np Punct R Nc Punct Np Punct R Mc Punct Np Punct
Nc Punct
Vpp Pp Punct
Nc Pp Tx Vpp Nc Vpi Nc Cp Tx Pp Vpi R Nc Cp Nc Ps Punct
R Nc Pp Vpp R Nc Punct Np Punct Np Cp Nc Punct Cs Pp Vpi Tx Vpp Nc Ps Nc R Nc Punct
Tn Pp Vpp Punct Cs Nc Pp Vpp R Nc Punct Dm Pp Vpi Cp Am Nc Nc Ps Nc Punct
Cs Nc R Pp Vxi Nc Cp Nc R Nc Cp Nc Punct Pp Tx Vpp Nc R Nc Punct Nc Ps Nc Cp Nc Vpi Tx Pp Vpp R Nc Punct Np Cp Am Nc Punct
Dd Tx Vpp Punct Cs Vxi An Punct Cc Vni Tx Vpi Nc Tx Vpi Nc Ps R Mc Nc Punct
R Mc Nc Punct Dd Vni Tx Vyp R Nc Ps Punct Cp R Pd Nc Nc Cp Tx Pp Dt Tx Vxi Pp Vpp R Mc Nc Punct Np An Ps Nc Cp Nc Punct Cp Af Cp R Pp Pp Tx Vpi Ps Nc Nc R Nc R Pp Am Nc Punct
Nc Nc Ps R Pp Punct Cs Pp Vpi Cp R Nc Ps Nc R Nc Cp Am Nc R Nc Punct Cp R Nc Ps Nc Punct Cs Pp Vpi Tx Pp Vpp R Nc Cp An Ps Nc Punct
Cs Pp Vpi A Punct Dm Tx Pp Vpp R Nc Ps Nc Cp R Mc Nc Ps Nc Punct
Nc Dd Tx Pp Vpp Punct Cs Pd Nc Vpi Pp Vpi R Nc R Nc Punct Cs Vpp Nc R Pp Vpp Nc Punct
R Nc R Nc Tn Vxi Vpp Tx Vpi An Nc R Nc R Nc Cp Nc R Nc R Mc Nc Punct
R Nc R Nc Punct Np Cp R Nc R Nc Tx Vpp Pp Vpp Nc R Nc R R Mc Nc R Nc Punct Np Punct Punct
Dm Vxi Tx Pp Vpi Cp Am Nc R Nc R Nc R Nc Punct R Pr Vxi Cp Am Nc Cp Nc R Nc Punct
Nc Vxi Vpp Punct Cs Am Nc R Nc Pp Vpi Dt Nc Mc Nc Punct
R Nc Vxi Nc R Nc Pp Vpp Nc Cp Nc Punct Vpi A Nc R Nc R Nc Ps Nc R Mc Nc Nc Punct
Nc Punct Pr Vxi Nc R Mc Nc Nc Punct Cp Af Ps Nc Vni Tx Pp Vpp R Mc Nc Punct
Nc R Nc Vxi Nc R Mc Nc R Mc Nc Punct Cs Vpp Nc Punct Nc R Nc R Mo Ps Nc Nc Punct Dt Vpi Mc Nc Nc R Nc Punct
Nc Tn Vpi Tx Pp Vpp Punct Cs Pp Vpp Vni Tx Vxi An Nc Punct
R Nc Nc Vxi Nc R Nc R Nc Punct
Punct Vpp Nc R Nc Punct
Punct Vpp Nc R Nc Np Punct
Nc Nc R Nc R Nc
Nc R Nc Tx Pp Vpp Dd Nc R Nc R Nc Punct Np Punct
Vpi Tx Pp Vpi R Nc Ps R A Nc Punct Nc R Nc Punct
Nc R Nc Punct Pr Vpi Cp R Nc R Nc Punct Vpi Tx Vpp Nc Punct Np Punct Punct Vpi Nc Punct Np Punct Punct
R Mc Nc Vpi Pp Vpp R Nc Ps R Nc Cp Nc Punct
Nc Vpi Cp A Nc Punct
Nc R Nc Punct Pr Vpi Pp Vpp R Mo Nc Punct Vni Tx Pp Vpp Nc Punct Vpp Np Punct
Pc R Nc R Nc Vxi R An Nc Cp Vxi Vpp R Nc Nc R Nc Punct
R Nc Ps Nc Pp Pp Vpp R Nc Cp Nc R Mc Nc R Mc Nc R Nc Nc Punct
R Nc R Mc Nc Vxi Vpp R Nc Ps R Nc R Nc R Nc Np Punct
Nc Nc Vpi Nc R Mc Nc
Nc R Nc R Nc Nc R Nc R Mo Nc Vpi Punct Cs R Nc R Mc Nc Pp Vpi Nc Punct Cs Nc Vpi Nc R Nc Punct
Nc R Nc Nc Punct
R Nc Vpi Cp Np Punct Pr Tn Vxi Cp A Nc R Md Nc Punct Tx Vpp Nc Ps Punct Punct Np Dt Punct
Dq Tn Vxi Cp A Nc R R Mo Nc Cp Am Nc R Nc R Nc Vpi Nc Punct Vpp Dq R Np Punct
Nc Vxi Punct Cs An Nc Pp Vpi R Nc R Nc Nc Punct Pr Tx Vpp Nc R Nc Punct
Nc Pp Vpi R Nc Nc R Nc
Nc Nc R Nc R Mc Nc Vpi R Nc Nc R Nc Nc R Nc Punct Vpi Nc Punct
Nc Vpp Dt Nc R Nc R Mo Nc Punct
Nc R Nc Vxi Nc R Nc Cp R Nc Nc Vpi Tx Pp Vpp Nc A A Nc Punct Vpi R Nc Punct
Am Nc R Nc R Mc Nc
Am Nc Punct Np Punct R Nc Nc Punct Nc R Punct Np Punct Punct Vpp Nc R Dt Punct Vpp R Nc R Nc Vpp Dt Punct
Nc Nc Vpp Nc R Nc Nc Vpi Nc Cp Tx Pp Vpp Punct
Nc R Nc Vxi R Nc R Mc Nc Punct R Nc Nc Punct
Am Nc Vpi Nc R Nc Punct
Nc Nc R Nc R Af Nc R Nc R Nc Nc Vpi Nc Nc R Nc Punct
R Nc Vpi Cp Nc Punct Np Punct Np Punct Np Punct
Am Nc Dt Vxi Pi Tx Pp Vpp Md Nc R Nc R Af Nc Punct
Pd Vpp Nc R Nc R A Nc Punct Np Punct R Pp Vpp R Nc Np Hm R Nc Ps Dt Punct
Dt Vxi Punct Np Tx Vpp Nc R Nc R Nc R Mc Nc R Nc Punct Vpp Te Nc Punct
Pd Tx Vpp R Nc R Mc Nc R Nc Pp Cp Tx Vyp Am Nc R Nc Punct Vpp Nc Punct
Nc Punct Np Punct R Nc Punct Np Punct Vni Pn An R Nc Vpi R Nc Nc Punct Np Punct Punct
Pd Vpp Dt Nc R Punct Cp A Nc Punct Np Punct R Pr Vpi Pp Vpi Nc A Nc R Pp Punct
Nc Vxi Vpp Nc R Punct Np Punct R Punct Np Punct Punct Cs R Nc Pp Tn Vxi Vpp Nc Np Punct Np R Mc Nc R Nc Np Punct
Nc Punct Np Punct Vpi Dd Nc R Np Punct Vpp Nc Punct
Punct Np Punct Vpp R Mc Nc R Nc Punct R Pr Vpi Punct Np Punct Cs Pp Punct
Nc Nc Vpp R Nc Cp Dq Vpp Tx Vpi
Vpp Pp Vpp Punct Cs R Mc Nc R Mo Nc Tn Vxi Vxi An An Nc Punct
R Mo Nc Pp Tn Vpi Dd Nc Punct Punct Cs Vxi Vpp R Nc R Nc R Nc Punct
Nc Punct Te Vpi Punct Cs Pd Nc R Nc Vxi Vni Tx Vxi Vpp R Nc R Nc Punct
Cs Vpp Nc R Nc Vxi R Nc R Nc Punct
R Mc Nc Pp Vpp Punct Np Punct Vpi Md Nc R Nc Punct Nc Pp Vpp A Nc Cp Vpi Md R Nc Punct
Pd Dd Vxi Dd R Nc
Nc R Nc R Pp Vxi Nc R Dq An Nc R Nc Cp Nc R Nc Punct
Nc Pp Cp Np Punct Cp Np Punct Cp Nc Tn Vpi Pn R Nc R Dm Vpp Nc Punct
Pd Pp Vpp Af Nc Punct Nc R Nc Vxi Punct Np Punct Cs Pi Nc Cp Nc Tx Pp Vpp Nc Punct Cs Vni Nc Punct
Punct
R A A Nc R Af Nc R Nc R Nc Punct
Vpp Pp Vpi Cp R Nc Punct Pr Vxi Vpp R Nc Punct
Cp Cs R Nc R Nc Mc Nc Pp Vpi Md R Mc Nc Punct R Nc R Mo Nc Pp Dt Pp Vpi R Mc Nc Punct Cs R Nc Vpi Nc Cp R Nc Nc Punct
Md Nc Cp Nc Punct Pr Pp Punct Pp Vpi R Nc Punct Pd Nc R A Nc Pp Vpp Nc R Nc R Nc Punct
Nc Punct
Nc R Nc Pp Vpp Nc R Mc Nc Np Punct
R A Nc Nc Pp Vpp R Nc Nc R Nc Punct Mc Nc Punct Punct Pr Vpi Cp R Nc R Mc Nc R Pp Punct
Nc R Mc Nc Vxi R R Mc Nc Punct
Nc Punct Np Punct Punct
R Mc Nc R Nc R Nc R Nc R Nc R Nc Vpi Nc Punct Af Nc Cp Am Nc Punct R Mc Nc Tn Pp Vpp Punct
Nc Nc Vxi Vpp Punct Cs Pp Vpi Punct Te Cp R Mc Nc Punct Np Punct
R Nc R Nc Vpi Cp Nc R Nc R Nc Cp Nc R Nc Nc Punct
R Cp R Md Punct Vpp Nc Punct Cp Cp Pd Nc R Nc Af Nc Nc Punct Np Punct
Nc Vpp Nc R Nc R Nc Ps Punct
Nc R Nc Vpi Pp Vpi Cp Nc R Pc Nc Cp Am Nc Punct
Nc R Pf Nc Nc Punct Cs Vni Tx Vpp Nc R Nc Punct Cc Pd Tn Pp Vpp Punct
Dt Ps Nc Punct Cs Pd Nc Tx Vyp Vpp R Nc Punct Cc R Pd Dt Pn Tn Vpi Punct
Nc Vpi Cp Am Nc Vpi Nc Ps R Nc Ps Nc Punct
R Nc Vpi Tx Tn Vxi Vpp Vxi Dm Vpp Nc R Nc Punct Np Punct Np Punct Nc Cp Nc Punct
Nc R Pp Vpp Dl Mc Nc R Nc Punct R Nc Nc R Nc R Nc R Nc R Nc R Nc R R Mc Nc Dt Punct
R Nc Ps Mo Nc Nc Vxi Vpi Tx Vpp Cp Nc R Nc Punct Np Punct Np R Nc Punct Np Punct Vpp Nc Punct Np Punct
Cp Pd Vxi Dm Punct Cs Vpp Nc Vxi Dq R Mc Nc Punct
Nc Ps Nc R Nc Punct
Nc Vpi Nc Vpi R Nc R Nc R Nc Nc Cp Af Np Punct Np Cp R Np Punct
R A Mc Nc Nc R Nc R Nc Cp Am Nc Pp Vxi Vpp R Nc Nc Punct
Pp Vpp Nc A Nc Punct Np Punct Punct Np R Nc Np Punct
Nc R Nc Vxi R An Nc Punct Nc R Nc Punct Punct
R Nc R Nc Pp Vpp Punct Cs Vpi Nc R Nc Punct
Nc R Nc Vpi Pp Vpi R Nc Nc R Pc A Nc R Nc Nc Np Punct
Nc Vxi Vpp Punct R Pr Vpi Pp Vpp Nc Punct
Pp Vpp Nc R Nc Mc Nc Punct Np Punct Cs Tn Vxi Nc R Pp Punct
R Nc Nc Pp Vpi R Nc R Nc Punct
Nc Nc Te Vpi Punct Cs Nc Vxi Pd Punct Pr Vpi Nc Punct
Dd Vpi Nc Vxi Pd Punct Pr Vpi Punct Cs Tn Vxi Am Nc Punct
R Mc Nc Vpi Punct Cs Vpp Nc R Nc Punct
R Nc R Nc Vpi Nc Tn Vxi Vpp Te Nc Tx Pp Vpp R Nc Ps Nc Punct
R Nc Nc R Nc Punct Pr Vni Tx Vpi Nc Punct Vxi Tx Tn Vpi R Nc Ps Nc Punct
Nc Nc R Nc R Nc Ps R Np
R Nc R Mc Punct
Nc Cp Am Nc R Np Punct Np Vxi Vpp R Nc Np R Nc Nc Punct Vpp Np Punct
R Nc Cp Nc R Af Nc Vxi Vpp R Mc Nc R Nc Ps R Nc Punct Np Punct Punct
Pp Vxi Nc R Mc Nc R Nc Punct Np Punct Punct
Mc R Pp Vxi Vpp R Nc Punct
R Nc R Nc Punct
Nc Nc Pp Pp Vxi Vpp R Np Punct R Pd Nc R Np Punct
R A Nc R Nc Md Am Nc Punct
Pp Vpp Nc R Af Punct Np Punct
Vni Pp Punct Cs Vpi Nc R Nc Nc R Np Cp Nc Punct
Nc Punct Np Punct Vxi Nc R Nc Nc Punct Np Punct Punct
Vni Pp Punct Cs Nc R Nc Vpi Tx Vxi Vpp Nc R Nc Punct
R Np Punct Np Hm Cp A Nc R Nc Punct
Pp Vpi Nc Nc Punct Nc R Np Punct Cp Am Nc Punct Nc R Np Punct
Vpp Pp Vpi R Nc R Np Punct
R Nc Vpi Nc Cp Nc
R Nc Vpi Nc Cp Nc R Np Dt Punct Vpp Np Punct
Pp Vpp R Nc R Mc Nc R Nc Punct Np Hm Punct R Nc Nc Punct
Nc Cp Nc Vni Punct
Nc Vxi Vpp R Nc R Af Nc Nc R Nc Punct Np Punct Cp Am Nc Punct Np Punct Punct
Nc R An Nc Nc Vxi Vpp Nc Punct
R Mc Nc Pp Vpp R Mc Nc R Pp R Nc R Nc Punct
Tn Vxi Vpp Nc
Punct Vpp Nc R Punct Np Punct Punct
Nc Nc R Nc R Nc
Pc Nc R Nc R Nc R Nc Tx Vyp Vpp R Nc R Nc R Nc Punct Vpp Nc Ps Nc Punct
Nc Vxi Nc R Np Punct Cs Dm Vxi Vxi Vpp R Nc Nc Punct
Nc Vxi Vpp Tx Pp Vpp Pi Pp Vpp Nc R Nc Nc Punct Np Punct
Pd Vxi R Nc Punct Cs Nc R Nc Vpp R Nc Nc R Nc Punct
Cs Tn Pp Punct Np R Nc Punct Vpi Nc R Nc Punct
R Mc Nc Nc Ps Nc Vpi R Nc Vpi Nc Punct
Np Punct Pf Vpi Tx Vxi Pp Vpp Punct
Md A Nc Dd Nc Cp Af Nc R Nc R Nc Cp Nc R Nc Nc R Mc Nc Punct
Nc Punct Vni Tx Vpp R Nc Punct
Cs R Pr Pp Vpp Pp Vpp Nc Cp R Nc Nc Punct
Pd Cp Nc R Mc Nc Dt Punct Pr Vpi An Nc Pp Vpi Punct Np Vxi Vpi Tx Pp Vpp Punct
R Pd Nc Cp A Nc Tx Vpi Nc Punct Np Cp Nc R Nc Punct Cs Vpi Nc R Mc Nc Punct
Cp Nc Ps R Pp Vxi Vpp Nc R Mc Nc Punct Vpp Nc Punct Vpp Nc Cp Nc R Nc R Pf Nc Punct
Vni Pi Tx Pp Vpi Pd Nc R Nc R Nc Punct Pr Mc Nc Vpi Nc Punct Vpi Pd Punct Pr Tn Dq Tn Vxi Vpp R An Nc Punct
Vpi Tx Vpi R Nc Nc R Nc R Nc Punct Nc R Nc Punct Np Hm Punct Np Hm Punct Vpp Pp R Nc Ps Nc Punct R Pr Nc Punct Nc R Nc Punct Punct Punct Mc Nc Punct Np Vpp Punct Np Punct Np Vpp Punct Np Vpp Punct Mc Nc Punct
R Nc R Pd Nc Vxi Nc Punct Np Punct Punct Np Hm Punct Np Punct Punct Np Punct Np Punct Punct Np Punct Np Punct Punct
R Nc Nc R Nc Ps R Nc Pp Vpi Cp Nc Punct Pr Te Vxi Nc R Af Nc R Nc Punct Np Vpp Punct Np Punct Np Hm Punct Nc R Nc Np Punct Np Punct
Pp Vpp Nc Cp Am Nc Dq Dt Pp Vpp Punct
Nc Nc Cp Am Nc Dm Pp Vpp Nc R Nc R A Nc Punct R Pr Vpp Pp Vpp Nc Nc Punct
Nc Dd Vpi Nc Nc R Nc Nc R Nc Nc Punct Np R Nc Nc Punct Cs Tn Pp Vpp Punct Vni Tx Vpp Punct Vpp Pp Punct Punct
R Nc Pp Vpp Cp Nc Punct
Pp Vpp Pp Vpi R Nc R Nc Punct Pr Pp Vpp Nc Punct Pr Pp Vpi R Nc R Nc R Nc Cp Nc Punct
Nc Punct Nc R Nc Cp A Nc Punct Pp Vpi Nc R Nc R Nc Punct
Cc R Nc Dd Nc Vpi Nc Punct Cs Pp Vpi Pd Dm Pp Vpp Punct Cs Vpp Nc R Nc Pp Nc Punct Cs Pp Vpp Cp Np Punct
Nc R Nc Vpi Nc R Np Punct Vpp R Nc Vpi Nc Punct Nc R Nc Cp Nc R Nc R Nc Nc R Nc R Nc R Nc Te Vpp R Mc Nc R Nc Ps Nc Punct
R Nc R Nc Vpi Pp Cp An Ps Nc R Nc Nc Punct
Nc R Nc Nc R A Nc R Nc R Np Vpp Pd Punct
Nc R Nc Punct Pr Vpi Nc Punct R Nc Punct Np Punct Punct Vxi Dq An Punct Cp Pd Nc Vpi Punct
Nc Pp Vpp Nc Punct
Vni Cp A Nc Punct
Cp Pp Vxi Pd Punct Pr Vpi Nc Np Punct
Pd Pf Punct Np Punct Pp Vpp R Nc Cp Am Ps Nc Punct
Pp Pp Vpp Punct Cs Pp R Nc Cp Vpp Tx Pp Vpp Punct
Cs Pp Vpp Nc Punct Tx Pp Vpp Nc
Punct Vpp Pp Vpp Nc Punct
Nc Punct Dd Vxi Nc R Nc Nc R Np Np Hm R Np Punct Pr Vpi Tx Vpi An Nc Punct
Nc R Nc Np Punct R Pr Pp Vpp R Punct Np Punct Punct
Pd Dd Pn Tn Pp Vpi R A Nc Punct Pr Pp Vpp Pp Pp R Nc Punct Pp R Nc Nc Punct Cs Nc Vpi Tx Vpp Nc R Nc Punct
Cp Pd Pc Vxi Dm Punct Pr Vpi Nc Punct Pp Vpi Nc R Nc Punct
Cp Am Nc Vxi Nc Tn Dq R Nc Punct Cp R Mc Nc Punct Pp Vxi Vpp Pp Punct
